Log file open, 05/17/16 21:44:04
LogInit:Display: Running engine for game: MyProject2
LogPlatformFile: Not using cached read wrapper
LogInit:Display: RandInit(-1490935830) SRandInit(-1490935825).
LogTaskGraph: Started task graph with 4 named threads and 5 total threads.
LogStats: Stats thread started at 1.076220
LogInit: Version: 4.11.2-2946394+++UE4+Release-4.11
LogInit: API Version: 2927265
LogInit: Compiled (64-bit): Apr 18 2016 02:18:46
LogInit: Compiled with Visual C++: 19.00.23026.00
LogInit: Build Configuration: Development
LogInit: Branch Name: ++UE4+Release-4.11
LogInit: Command line: -EpicPortal 
LogInit: Base directory: C:/Program Files (x86)/Epic Games/4.11/Engine/Binaries/Win64/
LogInit: Installed Engine Build: 1
LogInit: Using libcurl 7.41.0
LogInit:  - built for x86_64-pc-win32
LogInit:  - supports SSL with WinSSL
LogInit:  - other features:
LogInit:      CURL_VERSION_SSL
LogInit:      CURL_VERSION_IPV6
LogInit:      CURL_VERSION_ASYNCHDNS
LogInit:      CURL_VERSION_LARGEFILE
LogInit:      CURL_VERSION_IDN
LogInit:  CurlRequestOptions (configurable via config and command line):
LogInit:  - bVerifyPeer = true  - Libcurl will verify peer certificate
LogInit:  - bUseHttpProxy = false  - Libcurl will NOT use HTTP proxy
LogInit:  - bDontReuseConnections = false  - Libcurl will reuse connections
LogInit:  - CertBundlePath = nullptr  - Libcurl will use whatever was configured at build time.
LogInit: Presizing for max 16777216 objects, including 0 objects not considered by GC, pre-allocating 0 bytes for permanent pool.
LogInit: Object subsystem initialized
[2016.05.17-20.44.06:316][  0]LogInit: Selected Device Profile: [Windows]
[2016.05.17-20.44.06:316][  0]LogInit: Applying CVar settings loaded from the selected device profile: [Windows]
[2016.05.17-20.44.06:429][  0]LogInit: Computer: HARRYS-PC
[2016.05.17-20.44.06:429][  0]LogInit: User: Harry
[2016.05.17-20.44.06:429][  0]LogInit: CPU Page size=65536, Cores=2
[2016.05.17-20.44.06:429][  0]LogInit: High frequency timer resolution =2.115881 MHz
[2016.05.17-20.44.06:429][  0]LogMemory: Memory total: Physical=3.9GB (4GB approx)
[2016.05.17-20.44.06:429][  0]LogMemory: Platform Memory Stats for Windows
[2016.05.17-20.44.06:429][  0]LogMemory: Process Physical Memory: 310.16 MB used, 310.16 MB peak
[2016.05.17-20.44.06:429][  0]LogMemory: Process Virtual Memory: 315.23 MB used, 315.23 MB peak
[2016.05.17-20.44.06:429][  0]LogMemory: Physical Memory: 3493.63 MB used, 3978.19 MB total
[2016.05.17-20.44.06:429][  0]LogMemory: Virtual Memory: 629.47 MB used, 134217728.00 MB total
[2016.05.17-20.44.09:271][  0]LogTextLocalizationManager: No specific translations for ('en-GB') exist, so ('en') translations will be used.
[2016.05.17-20.44.14:409][  0]LogD3D11RHI: D3D11 adapters:
[2016.05.17-20.44.14:501][  0]LogD3D11RHI:    0. 'Intel(R) HD Graphics' (Feature Level 11_0)
[2016.05.17-20.44.14:501][  0]LogD3D11RHI:       32MB of dedicated video memory, 0MB of dedicated system memory, and 1760MB of shared system memory, 1 output[s]
[2016.05.17-20.44.14:505][  0]LogD3D11RHI:    1. 'Microsoft Basic Render Driver' (Feature Level 11_0)
[2016.05.17-20.44.14:505][  0]LogD3D11RHI:       0MB of dedicated video memory, 0MB of dedicated system memory, and 256MB of shared system memory, 0 output[s]
[2016.05.17-20.44.14:505][  0]LogD3D11RHI: Chosen D3D11 Adapter: 0
[2016.05.17-20.44.14:519][  0]LogD3D11RHI: Creating new Direct3DDevice
[2016.05.17-20.44.14:520][  0]LogD3D11RHI:     Adapter Name: Intel(R) HD Graphics
[2016.05.17-20.44.14:520][  0]LogD3D11RHI:   Driver Version: 10.18.10.3408 (internal 10.18.10.3408)
[2016.05.17-20.44.14:520][  0]LogD3D11RHI:      Driver Date: 1-20-2014
[2016.05.17-20.44.14:520][  0]LogRHI: Texture pool is 638 MB (70% of 912 MB)
[2016.05.17-20.44.14:533][  0]LogD3D11RHI: Async texture creation enabled
[2016.05.17-20.44.14:546][  0]LogShaderCompilers: Guid format shader working directory is -21 characters bigger than the processId version (../../../../../../Users/Harry/Documents/Unreal Projects/MyProject2/Intermediate/Shaders/WorkingDirectory/12352/).
[2016.05.17-20.44.14:547][  0]LogShaderCompilers: Cleaned the shader compiler working directory 'C:/Users/Harry/AppData/Local/Temp/UnrealShaderWorkingDir/A49351C6432D78EA5317F2B61B0C1CAF/'.
[2016.05.17-20.44.14:547][  0]LogShaderCompilers:Display: Using Local Shader Compiler.
[2016.05.17-20.46.39:132][  0]LogTemp:Display: Loaded TP AllDesktopTargetPlatform
[2016.05.17-20.46.39:263][  0]LogTemp:Display: Loaded TP WindowsClientTargetPlatform
[2016.05.17-20.46.39:368][  0]LogTemp:Display: Loaded TP WindowsNoEditorTargetPlatform
[2016.05.17-20.46.39:414][  0]LogTemp:Display: Loaded TP WindowsServerTargetPlatform
[2016.05.17-20.46.39:535][  0]LogTemp:Display: Loaded TP WindowsTargetPlatform
[2016.05.17-20.46.39:636][  0]LogTemp:Display: Loaded TP AndroidTargetPlatform
[2016.05.17-20.46.39:768][  0]LogTemp:Display: Loaded TP Android_ASTCTargetPlatform
[2016.05.17-20.46.39:912][  0]LogTemp:Display: Loaded TP Android_ATCTargetPlatform
[2016.05.17-20.46.40:033][  0]LogTemp:Display: Loaded TP Android_DXTTargetPlatform
[2016.05.17-20.46.40:156][  0]LogTemp:Display: Loaded TP Android_ETC1TargetPlatform
[2016.05.17-20.46.40:268][  0]LogTemp:Display: Loaded TP Android_ETC2TargetPlatform
[2016.05.17-20.46.40:556][  0]LogTemp:Display: Loaded TP Android_MultiTargetPlatform
[2016.05.17-20.46.40:556][  0]LogTemp:Display: Loaded TP Android_PVRTCTargetPlatform
[2016.05.17-20.46.40:727][  0]LogTemp:Display: Loaded TP HTML5TargetPlatform
[2016.05.17-20.46.41:081][  0]LogTemp:Display: Loaded TP IOSTargetPlatform
[2016.05.17-20.46.41:161][  0]LogTemp:Display: Loaded TP TVOSTargetPlatform
[2016.05.17-20.46.41:376][  0]LogTemp:Display: Loaded TP LinuxNoEditorTargetPlatform
[2016.05.17-20.46.41:562][  0]LogTemp:Display: Loaded TP LinuxServerTargetPlatform
[2016.05.17-20.46.41:659][  0]LogTemp:Display: Loaded TP LinuxTargetPlatform
[2016.05.17-20.46.41:659][  0]LogTargetPlatformManager:Display: Building Assets For Windows
[2016.05.17-20.46.44:479][  0]LogDerivedDataCache:Display: Max Cache Size: 512 MB
[2016.05.17-20.46.45:635][  0]LogDerivedDataCache: Loaded boot cache 1.14s 46MB C:/Users/Harry/AppData/Local/UnrealEngine/4.11/DerivedDataCache/Boot.ddc.
[2016.05.17-20.46.45:635][  0]LogDerivedDataCache:Display: Loaded Boot cache: C:/Users/Harry/AppData/Local/UnrealEngine/4.11/DerivedDataCache/Boot.ddc
[2016.05.17-20.46.45:637][  0]LogDerivedDataCache: FDerivedDataBackendGraph:  Pak pak cache file ../../../../../../Users/Harry/Documents/Unreal Projects/MyProject2/DerivedDataCache/DDC.ddp not found, will not use a pak cache.
[2016.05.17-20.46.45:637][  0]LogDerivedDataCache: Unable to find inner node Pak for hierarchical cache Hierarchy.
[2016.05.17-20.46.45:637][  0]LogDerivedDataCache: FDerivedDataBackendGraph:  CompressedPak pak cache file ../../../../../../Users/Harry/Documents/Unreal Projects/MyProject2/DerivedDataCache/Compressed.ddp not found, will not use a pak cache.
[2016.05.17-20.46.45:637][  0]LogDerivedDataCache: Unable to find inner node CompressedPak for hierarchical cache Hierarchy.
[2016.05.17-20.46.45:812][  0]LogDerivedDataCache:Display: Pak cache opened for reading ../../../Engine/DerivedDataCache/Compressed.ddp.
[2016.05.17-20.46.45:983][  0]LogDerivedDataCache: Using Local data cache path C:/Users/Harry/AppData/Local/UnrealEngine/Common/DerivedDataCache: Writable
[2016.05.17-20.47.20:276][  0]LogInit: Selected Device Profile: [Windows]
[2016.05.17-20.47.20:350][  0]LogContentStreaming: Texture pool size is 0.00 MB
[2016.05.17-20.47.21:205][  0]LogMaterial: Uniform references updated for custom material expression Custom.
[2016.05.17-20.47.23:390][  0]LogMeshUtilities: No automatic mesh reduction module available
[2016.05.17-20.47.23:390][  0]LogMeshUtilities: No automatic mesh merging module available
[2016.05.17-20.47.23:391][  0]LogMeshUtilities: No distributed automatic mesh merging module available
[2016.05.17-20.47.29:334][  0]LogUObjectArray: 27679 objects as part of root set at end of initial load.
[2016.05.17-20.47.29:348][  0]LogUObjectAllocator: 5591600 out of 0 bytes used by permanent object pool.
[2016.05.17-20.47.29:348][  0]LogUObjectArray: CloseDisregardForGC: 0/0 objects in disregard for GC pool
[2016.05.17-20.47.29:446][  0]LogInit: WinSock: version 1.1 (2.2), MaxSocks=32767, MaxUdp=65467
[2016.05.17-20.47.34:566][  0]LogSlate: SlateFontCache - WITH_FREETYPE: 1, WITH_HARFBUZZ: 1
[2016.05.17-20.47.34:566][  0]LogSlate: SlateFontCache - WITH_FREETYPE: 1, WITH_HARFBUZZ: 1
[2016.05.17-20.47.44:382][  0]LogStreaming:Warning: Failed to read file '../../../Engine/Content/Editor/Slate/Common/Selection_16x.png' error.
[2016.05.17-20.47.44:382][  0]LogSlate: Could not find file for Slate resource: ../../../Engine/Content/Editor/Slate/Common/Selection_16x.png
[2016.05.17-20.47.44:382][  0]LogStreaming:Warning: Failed to read file '../../../Engine/Content/Editor/Slate/Common/Selection_16x.png' error.
[2016.05.17-20.47.44:382][  0]LogSlate: Could not find file for Slate resource: ../../../Engine/Content/Editor/Slate/Common/Selection_16x.png
[2016.05.17-20.47.44:383][  0]LogStreaming:Warning: Failed to read file '../../../Engine/Content/Editor/Slate/Common/Selection_16x.png' error.
[2016.05.17-20.47.44:383][  0]LogSlate: Could not find file for Slate resource: ../../../Engine/Content/Editor/Slate/Common/Selection_16x.png
[2016.05.17-20.48.29:880][  0]LogUdpMessaging: Initializing bridge on interface 0.0.0.0:0 to multicast group 230.0.0.1:6666.
[2016.05.17-20.48.30:995][  0]LogAssetRegistry: FAssetRegistry took 0.0913 seconds to start up
[2016.05.17-20.48.38:392][  0]SourceControl: Info Source control is disabled
[2016.05.17-20.48.38:471][  0]SourceControl: Info Source control is disabled
[2016.05.17-20.48.38:719][  0]SourceControl: Info Source control is disabled
[2016.05.17-20.48.38:933][  0]SourceControl: Info Source control is disabled
[2016.05.17-20.48.42:031][  0]LogHMD: Failed to initialize OpenVR with code 110
[2016.05.17-20.48.44:114][  0]LogEngine: Initializing Engine...
[2016.05.17-20.48.45:486][  0]LogAIModule: Creating AISystem for world NewWorld
[2016.05.17-20.48.45:878][  0]LogInit: XAudio2 using 'Speakers (Realtek High Definition Audio)' : 2 channels at 48 kHz using 32 bits per sample (channel mask 0x3)
[2016.05.17-20.48.47:865][  0]LogInit: FAudioDevice initialized.
[2016.05.17-20.48.48:005][  0]LogDerivedDataCache: Saved boot cache 0.14s 46MB C:/Users/Harry/AppData/Local/UnrealEngine/4.11/DerivedDataCache/Boot.ddc.
[2016.05.17-20.48.48:033][  0]LogInit: Texture streaming: Enabled
[2016.05.17-20.48.49:646][  0]LogInit: Transaction tracking system initialized
[2016.05.17-20.48.51:781][  0]BlueprintLog: New page: Editor Load
[2016.05.17-20.49.00:821][  0]LocalizationService: Info Localization service is disabled
[2016.05.17-20.49.10:509][  0]LogConsoleResponse:Display: 
[2016.05.17-20.49.17:798][  0]LogFileCache: Scanning file cache for directory 'C:/Users/Harry/Documents/Unreal Projects/MyProject2/Content/' took 0.07s
[2016.05.17-20.49.17:798][  0]LogCook:Display: Max memory allowance for cook 8192mb
[2016.05.17-20.49.17:798][  0]LogCook:Display: Mobile HDR setting 1
[2016.05.17-20.49.17:819][  0]LogCook:Display: Done creating registry. It took  0.00s.
[2016.05.17-20.49.22:344][  0]SourceControl: Info Source control is disabled
[2016.05.17-20.49.22:453][  0]LogFactory: FactoryCreateBinary: PackFactory with PackFactory (0 0 C:/Program Files (x86)/Epic Games/4.11/FeaturePacks/StarterContent.upack)
[2016.05.17-20.49.22:661][  0]LogPackFactory: Finished extracting 8 files (including 0 errors).
[2016.05.17-20.49.22:695][  0]LogPackFactory: Copied "../../../Samples/StarterContent/Content/StarterContent/Architecture/Floor_400x400.uasset" to "../../../../../../Users/Harry/Documents/Unreal Projects/MyProject2/Content/StarterContent/Architecture/Floor_400x400.uasset"
[2016.05.17-20.49.22:702][  0]LogPackFactory: Copied "../../../Samples/StarterContent/Content/StarterContent/Architecture/Pillar_50x500.uasset" to "../../../../../../Users/Harry/Documents/Unreal Projects/MyProject2/Content/StarterContent/Architecture/Pillar_50x500.uasset"
[2016.05.17-20.49.22:771][  0]LogPackFactory: Copied "../../../Samples/StarterContent/Content/StarterContent/Architecture/SM_AssetPlatform.uasset" to "../../../../../../Users/Harry/Documents/Unreal Projects/MyProject2/Content/StarterContent/Architecture/SM_AssetPlatform.uasset"
[2016.05.17-20.49.22:795][  0]LogPackFactory: Copied "../../../Samples/StarterContent/Content/StarterContent/Architecture/Wall_400x200.uasset" to "../../../../../../Users/Harry/Documents/Unreal Projects/MyProject2/Content/StarterContent/Architecture/Wall_400x200.uasset"
[2016.05.17-20.49.22:870][  0]LogPackFactory: Copied "../../../Samples/StarterContent/Content/StarterContent/Architecture/Wall_400x300.uasset" to "../../../../../../Users/Harry/Documents/Unreal Projects/MyProject2/Content/StarterContent/Architecture/Wall_400x300.uasset"
[2016.05.17-20.49.22:878][  0]LogPackFactory: Copied "../../../Samples/StarterContent/Content/StarterContent/Architecture/Wall_400x400.uasset" to "../../../../../../Users/Harry/Documents/Unreal Projects/MyProject2/Content/StarterContent/Architecture/Wall_400x400.uasset"
[2016.05.17-20.49.22:894][  0]LogPackFactory: Copied "../../../Samples/StarterContent/Content/StarterContent/Architecture/Wall_500x500.uasset" to "../../../../../../Users/Harry/Documents/Unreal Projects/MyProject2/Content/StarterContent/Architecture/Wall_500x500.uasset"
[2016.05.17-20.49.22:900][  0]LogPackFactory: Copied "../../../Samples/StarterContent/Content/StarterContent/Architecture/Wall_Door_400x300.uasset" to "../../../../../../Users/Harry/Documents/Unreal Projects/MyProject2/Content/StarterContent/Architecture/Wall_Door_400x300.uasset"
[2016.05.17-20.49.22:916][  0]LogPackFactory: Copied "../../../Samples/StarterContent/Content/StarterContent/Architecture/Wall_Door_400x400.uasset" to "../../../../../../Users/Harry/Documents/Unreal Projects/MyProject2/Content/StarterContent/Architecture/Wall_Door_400x400.uasset"
[2016.05.17-20.49.22:980][  0]LogPackFactory: Copied "../../../Samples/StarterContent/Content/StarterContent/Architecture/Wall_Window_400x300.uasset" to "../../../../../../Users/Harry/Documents/Unreal Projects/MyProject2/Content/StarterContent/Architecture/Wall_Window_400x300.uasset"
[2016.05.17-20.49.22:988][  0]LogPackFactory: Copied "../../../Samples/StarterContent/Content/StarterContent/Architecture/Wall_Window_400x400.uasset" to "../../../../../../Users/Harry/Documents/Unreal Projects/MyProject2/Content/StarterContent/Architecture/Wall_Window_400x400.uasset"
[2016.05.17-20.49.23:106][  0]LogPackFactory: Copied "../../../Samples/StarterContent/Content/StarterContent/Audio/Collapse01.uasset" to "../../../../../../Users/Harry/Documents/Unreal Projects/MyProject2/Content/StarterContent/Audio/Collapse01.uasset"
[2016.05.17-20.49.23:137][  0]LogPackFactory: Copied "../../../Samples/StarterContent/Content/StarterContent/Audio/Collapse02.uasset" to "../../../../../../Users/Harry/Documents/Unreal Projects/MyProject2/Content/StarterContent/Audio/Collapse02.uasset"
[2016.05.17-20.49.23:151][  0]LogPackFactory: Copied "../../../Samples/StarterContent/Content/StarterContent/Audio/Collapse_Cue.uasset" to "../../../../../../Users/Harry/Documents/Unreal Projects/MyProject2/Content/StarterContent/Audio/Collapse_Cue.uasset"
[2016.05.17-20.49.23:299][  0]LogPackFactory: Copied "../../../Samples/StarterContent/Content/StarterContent/Audio/Explosion01.uasset" to "../../../../../../Users/Harry/Documents/Unreal Projects/MyProject2/Content/StarterContent/Audio/Explosion01.uasset"
[2016.05.17-20.49.23:452][  0]LogPackFactory: Copied "../../../Samples/StarterContent/Content/StarterContent/Audio/Explosion02.uasset" to "../../../../../../Users/Harry/Documents/Unreal Projects/MyProject2/Content/StarterContent/Audio/Explosion02.uasset"
[2016.05.17-20.49.23:498][  0]LogPackFactory: Copied "../../../Samples/StarterContent/Content/StarterContent/Audio/Explosion_Cue.uasset" to "../../../../../../Users/Harry/Documents/Unreal Projects/MyProject2/Content/StarterContent/Audio/Explosion_Cue.uasset"
[2016.05.17-20.49.23:726][  0]LogPackFactory: Copied "../../../Samples/StarterContent/Content/StarterContent/Audio/Fire01.uasset" to "../../../../../../Users/Harry/Documents/Unreal Projects/MyProject2/Content/StarterContent/Audio/Fire01.uasset"
[2016.05.17-20.49.23:824][  0]LogPackFactory: Copied "../../../Samples/StarterContent/Content/StarterContent/Audio/Fire01_Cue.uasset" to "../../../../../../Users/Harry/Documents/Unreal Projects/MyProject2/Content/StarterContent/Audio/Fire01_Cue.uasset"
[2016.05.17-20.49.23:963][  0]LogPackFactory: Copied "../../../Samples/StarterContent/Content/StarterContent/Audio/Fire_Sparks01.uasset" to "../../../../../../Users/Harry/Documents/Unreal Projects/MyProject2/Content/StarterContent/Audio/Fire_Sparks01.uasset"
[2016.05.17-20.49.24:013][  0]LogPackFactory: Copied "../../../Samples/StarterContent/Content/StarterContent/Audio/Fire_Sparks01_Cue.uasset" to "../../../../../../Users/Harry/Documents/Unreal Projects/MyProject2/Content/StarterContent/Audio/Fire_Sparks01_Cue.uasset"
[2016.05.17-20.49.24:122][  0]LogPackFactory: Copied "../../../Samples/StarterContent/Content/StarterContent/Audio/Light01.uasset" to "../../../../../../Users/Harry/Documents/Unreal Projects/MyProject2/Content/StarterContent/Audio/Light01.uasset"
[2016.05.17-20.49.24:213][  0]LogPackFactory: Copied "../../../Samples/StarterContent/Content/StarterContent/Audio/Light01_Cue.uasset" to "../../../../../../Users/Harry/Documents/Unreal Projects/MyProject2/Content/StarterContent/Audio/Light01_Cue.uasset"
[2016.05.17-20.49.24:341][  0]LogPackFactory: Copied "../../../Samples/StarterContent/Content/StarterContent/Audio/Light02.uasset" to "../../../../../../Users/Harry/Documents/Unreal Projects/MyProject2/Content/StarterContent/Audio/Light02.uasset"
[2016.05.17-20.49.24:371][  0]LogPackFactory: Copied "../../../Samples/StarterContent/Content/StarterContent/Audio/Light02_Cue.uasset" to "../../../../../../Users/Harry/Documents/Unreal Projects/MyProject2/Content/StarterContent/Audio/Light02_Cue.uasset"
[2016.05.17-20.49.24:514][  0]LogPackFactory: Copied "../../../Samples/StarterContent/Content/StarterContent/Audio/Smoke01.uasset" to "../../../../../../Users/Harry/Documents/Unreal Projects/MyProject2/Content/StarterContent/Audio/Smoke01.uasset"
[2016.05.17-20.49.24:609][  0]LogPackFactory: Copied "../../../Samples/StarterContent/Content/StarterContent/Audio/Smoke01_Cue.uasset" to "../../../../../../Users/Harry/Documents/Unreal Projects/MyProject2/Content/StarterContent/Audio/Smoke01_Cue.uasset"
[2016.05.17-20.49.24:642][  0]LogPackFactory: Copied "../../../Samples/StarterContent/Content/StarterContent/Audio/Starter_Background_Cue.uasset" to "../../../../../../Users/Harry/Documents/Unreal Projects/MyProject2/Content/StarterContent/Audio/Starter_Background_Cue.uasset"
[2016.05.17-20.49.25:235][  0]LogPackFactory: Copied "../../../Samples/StarterContent/Content/StarterContent/Audio/Starter_Birds01.uasset" to "../../../../../../Users/Harry/Documents/Unreal Projects/MyProject2/Content/StarterContent/Audio/Starter_Birds01.uasset"
[2016.05.17-20.49.27:438][  0]LogPackFactory: Copied "../../../Samples/StarterContent/Content/StarterContent/Audio/Starter_Music01.uasset" to "../../../../../../Users/Harry/Documents/Unreal Projects/MyProject2/Content/StarterContent/Audio/Starter_Music01.uasset"
[2016.05.17-20.49.27:475][  0]LogPackFactory: Copied "../../../Samples/StarterContent/Content/StarterContent/Audio/Starter_Music_Cue.uasset" to "../../../../../../Users/Harry/Documents/Unreal Projects/MyProject2/Content/StarterContent/Audio/Starter_Music_Cue.uasset"
[2016.05.17-20.49.28:057][  0]LogPackFactory: Copied "../../../Samples/StarterContent/Content/StarterContent/Audio/Starter_Wind05.uasset" to "../../../../../../Users/Harry/Documents/Unreal Projects/MyProject2/Content/StarterContent/Audio/Starter_Wind05.uasset"
[2016.05.17-20.49.28:201][  0]LogPackFactory: Copied "../../../Samples/StarterContent/Content/StarterContent/Audio/Starter_Wind06.uasset" to "../../../../../../Users/Harry/Documents/Unreal Projects/MyProject2/Content/StarterContent/Audio/Starter_Wind06.uasset"
[2016.05.17-20.49.28:231][  0]LogPackFactory: Copied "../../../Samples/StarterContent/Content/StarterContent/Audio/Steam01.uasset" to "../../../../../../Users/Harry/Documents/Unreal Projects/MyProject2/Content/StarterContent/Audio/Steam01.uasset"
[2016.05.17-20.49.28:262][  0]LogPackFactory: Copied "../../../Samples/StarterContent/Content/StarterContent/Audio/Steam01_Cue.uasset" to "../../../../../../Users/Harry/Documents/Unreal Projects/MyProject2/Content/StarterContent/Audio/Steam01_Cue.uasset"
[2016.05.17-20.49.28:315][  0]LogPackFactory: Copied "../../../Samples/StarterContent/Content/StarterContent/Blueprints/Blueprint_CeilingLight.uasset" to "../../../../../../Users/Harry/Documents/Unreal Projects/MyProject2/Content/StarterContent/Blueprints/Blueprint_CeilingLight.uasset"
[2016.05.17-20.49.28:350][  0]LogPackFactory: Copied "../../../Samples/StarterContent/Content/StarterContent/Blueprints/Blueprint_Effect_Explosion.uasset" to "../../../../../../Users/Harry/Documents/Unreal Projects/MyProject2/Content/StarterContent/Blueprints/Blueprint_Effect_Explosion.uasset"
[2016.05.17-20.49.28:394][  0]LogPackFactory: Copied "../../../Samples/StarterContent/Content/StarterContent/Blueprints/Blueprint_Effect_Fire.uasset" to "../../../../../../Users/Harry/Documents/Unreal Projects/MyProject2/Content/StarterContent/Blueprints/Blueprint_Effect_Fire.uasset"
[2016.05.17-20.49.28:409][  0]LogPackFactory: Copied "../../../Samples/StarterContent/Content/StarterContent/Blueprints/Blueprint_Effect_Smoke.uasset" to "../../../../../../Users/Harry/Documents/Unreal Projects/MyProject2/Content/StarterContent/Blueprints/Blueprint_Effect_Smoke.uasset"
[2016.05.17-20.49.28:420][  0]LogPackFactory: Copied "../../../Samples/StarterContent/Content/StarterContent/Blueprints/Blueprint_Effect_Sparks.uasset" to "../../../../../../Users/Harry/Documents/Unreal Projects/MyProject2/Content/StarterContent/Blueprints/Blueprint_Effect_Sparks.uasset"
[2016.05.17-20.49.28:438][  0]LogPackFactory: Copied "../../../Samples/StarterContent/Content/StarterContent/Blueprints/Blueprint_Effect_Steam.uasset" to "../../../../../../Users/Harry/Documents/Unreal Projects/MyProject2/Content/StarterContent/Blueprints/Blueprint_Effect_Steam.uasset"
[2016.05.17-20.49.28:483][  0]LogPackFactory: Copied "../../../Samples/StarterContent/Content/StarterContent/Blueprints/Blueprint_WallSconce.uasset" to "../../../../../../Users/Harry/Documents/Unreal Projects/MyProject2/Content/StarterContent/Blueprints/Blueprint_WallSconce.uasset"
[2016.05.17-20.49.28:517][  0]LogPackFactory: Copied "../../../Samples/StarterContent/Content/StarterContent/Blueprints/BP_LightStudio.uasset" to "../../../../../../Users/Harry/Documents/Unreal Projects/MyProject2/Content/StarterContent/Blueprints/BP_LightStudio.uasset"
[2016.05.17-20.49.28:627][  0]LogPackFactory: Copied "../../../Samples/StarterContent/Content/StarterContent/Blueprints/Assets/FogBrightnessLUT.uasset" to "../../../../../../Users/Harry/Documents/Unreal Projects/MyProject2/Content/StarterContent/Blueprints/Assets/FogBrightnessLUT.uasset"
[2016.05.17-20.49.28:704][  0]LogPackFactory: Copied "../../../Samples/StarterContent/Content/StarterContent/Blueprints/Assets/M_LightStage_Arrows.uasset" to "../../../../../../Users/Harry/Documents/Unreal Projects/MyProject2/Content/StarterContent/Blueprints/Assets/M_LightStage_Arrows.uasset"
[2016.05.17-20.49.28:742][  0]LogPackFactory: Copied "../../../Samples/StarterContent/Content/StarterContent/Blueprints/Assets/M_LightStage_Skybox_Black.uasset" to "../../../../../../Users/Harry/Documents/Unreal Projects/MyProject2/Content/StarterContent/Blueprints/Assets/M_LightStage_Skybox_Black.uasset"
[2016.05.17-20.49.28:797][  0]LogPackFactory: Copied "../../../Samples/StarterContent/Content/StarterContent/Blueprints/Assets/M_LightStage_Skybox_HDRI.uasset" to "../../../../../../Users/Harry/Documents/Unreal Projects/MyProject2/Content/StarterContent/Blueprints/Assets/M_LightStage_Skybox_HDRI.uasset"
[2016.05.17-20.49.28:850][  0]LogPackFactory: Copied "../../../Samples/StarterContent/Content/StarterContent/Blueprints/Assets/M_LightStage_Skybox_Master.uasset" to "../../../../../../Users/Harry/Documents/Unreal Projects/MyProject2/Content/StarterContent/Blueprints/Assets/M_LightStage_Skybox_Master.uasset"
[2016.05.17-20.49.28:862][  0]LogPackFactory: Copied "../../../Samples/StarterContent/Content/StarterContent/Blueprints/Assets/Skybox.uasset" to "../../../../../../Users/Harry/Documents/Unreal Projects/MyProject2/Content/StarterContent/Blueprints/Assets/Skybox.uasset"
[2016.05.17-20.49.28:895][  0]LogPackFactory: Copied "../../../Samples/StarterContent/Content/StarterContent/Blueprints/Assets/SM_Arrows.uasset" to "../../../../../../Users/Harry/Documents/Unreal Projects/MyProject2/Content/StarterContent/Blueprints/Assets/SM_Arrows.uasset"
[2016.05.17-20.49.28:914][  0]LogPackFactory: Copied "../../../Samples/StarterContent/Content/StarterContent/Blueprints/Assets/SunlightColorLUT.uasset" to "../../../../../../Users/Harry/Documents/Unreal Projects/MyProject2/Content/StarterContent/Blueprints/Assets/SunlightColorLUT.uasset"
[2016.05.17-20.49.31:978][  0]LogPackFactory: Copied "../../../Samples/StarterContent/Content/StarterContent/HDRI/HDRI_Epic_Courtyard_Daylight.uasset" to "../../../../../../Users/Harry/Documents/Unreal Projects/MyProject2/Content/StarterContent/HDRI/HDRI_Epic_Courtyard_Daylight.uasset"
[2016.05.17-20.49.32:050][  0]LogPackFactory: Copied "../../../Samples/StarterContent/Content/StarterContent/Maps/Advanced_Lighting.umap" to "../../../../../../Users/Harry/Documents/Unreal Projects/MyProject2/Content/StarterContent/Maps/Advanced_Lighting.umap"
[2016.05.17-20.49.32:112][  0]LogPackFactory: Copied "../../../Samples/StarterContent/Content/StarterContent/Maps/Minimal_Default.umap" to "../../../../../../Users/Harry/Documents/Unreal Projects/MyProject2/Content/StarterContent/Maps/Minimal_Default.umap"
[2016.05.17-20.49.32:425][  0]LogPackFactory: Copied "../../../Samples/StarterContent/Content/StarterContent/Maps/StarterMap.umap" to "../../../../../../Users/Harry/Documents/Unreal Projects/MyProject2/Content/StarterContent/Maps/StarterMap.umap"
[2016.05.17-20.49.32:486][  0]LogPackFactory: Copied "../../../Samples/StarterContent/Content/StarterContent/Materials/M_AssetPlatform.uasset" to "../../../../../../Users/Harry/Documents/Unreal Projects/MyProject2/Content/StarterContent/Materials/M_AssetPlatform.uasset"
[2016.05.17-20.49.32:506][  0]LogPackFactory:Error: Unable to copy file "../../../Samples/StarterContent/Content/StarterContent/Materials/M_Basic_Floor.uasset" to "../../../../../../Users/Harry/Documents/Unreal Projects/MyProject2/Content/StarterContent/Materials/M_Basic_Floor.uasset".
[2016.05.17-20.49.32:517][  0]LogPackFactory: Copied "../../../Samples/StarterContent/Content/StarterContent/Materials/M_Basic_Wall.uasset" to "../../../../../../Users/Harry/Documents/Unreal Projects/MyProject2/Content/StarterContent/Materials/M_Basic_Wall.uasset"
[2016.05.17-20.49.32:550][  0]LogPackFactory: Copied "../../../Samples/StarterContent/Content/StarterContent/Materials/M_Brick_Clay_Beveled.uasset" to "../../../../../../Users/Harry/Documents/Unreal Projects/MyProject2/Content/StarterContent/Materials/M_Brick_Clay_Beveled.uasset"
[2016.05.17-20.49.32:556][  0]LogPackFactory: Copied "../../../Samples/StarterContent/Content/StarterContent/Materials/M_Brick_Clay_New.uasset" to "../../../../../../Users/Harry/Documents/Unreal Projects/MyProject2/Content/StarterContent/Materials/M_Brick_Clay_New.uasset"
[2016.05.17-20.49.32:598][  0]LogPackFactory: Copied "../../../Samples/StarterContent/Content/StarterContent/Materials/M_Brick_Clay_Old.uasset" to "../../../../../../Users/Harry/Documents/Unreal Projects/MyProject2/Content/StarterContent/Materials/M_Brick_Clay_Old.uasset"
[2016.05.17-20.49.32:631][  0]LogPackFactory: Copied "../../../Samples/StarterContent/Content/StarterContent/Materials/M_Brick_Cut_Stone.uasset" to "../../../../../../Users/Harry/Documents/Unreal Projects/MyProject2/Content/StarterContent/Materials/M_Brick_Cut_Stone.uasset"
[2016.05.17-20.49.32:637][  0]LogPackFactory: Copied "../../../Samples/StarterContent/Content/StarterContent/Materials/M_Brick_Hewn_Stone.uasset" to "../../../../../../Users/Harry/Documents/Unreal Projects/MyProject2/Content/StarterContent/Materials/M_Brick_Hewn_Stone.uasset"
[2016.05.17-20.49.32:660][  0]LogPackFactory: Copied "../../../Samples/StarterContent/Content/StarterContent/Materials/M_Ceramic_Tile_Checker.uasset" to "../../../../../../Users/Harry/Documents/Unreal Projects/MyProject2/Content/StarterContent/Materials/M_Ceramic_Tile_Checker.uasset"
[2016.05.17-20.49.32:667][  0]LogPackFactory: Copied "../../../Samples/StarterContent/Content/StarterContent/Materials/M_CobbleStone_Pebble.uasset" to "../../../../../../Users/Harry/Documents/Unreal Projects/MyProject2/Content/StarterContent/Materials/M_CobbleStone_Pebble.uasset"
[2016.05.17-20.49.32:824][  0]LogPackFactory: Copied "../../../Samples/StarterContent/Content/StarterContent/Materials/M_CobbleStone_Rough.uasset" to "../../../../../../Users/Harry/Documents/Unreal Projects/MyProject2/Content/StarterContent/Materials/M_CobbleStone_Rough.uasset"
[2016.05.17-20.49.33:103][  0]LogPackFactory: Copied "../../../Samples/StarterContent/Content/StarterContent/Materials/M_CobbleStone_Smooth.uasset" to "../../../../../../Users/Harry/Documents/Unreal Projects/MyProject2/Content/StarterContent/Materials/M_CobbleStone_Smooth.uasset"
[2016.05.17-20.49.33:274][  0]LogPackFactory: Copied "../../../Samples/StarterContent/Content/StarterContent/Materials/M_ColorGrid_LowSpec.uasset" to "../../../../../../Users/Harry/Documents/Unreal Projects/MyProject2/Content/StarterContent/Materials/M_ColorGrid_LowSpec.uasset"
[2016.05.17-20.49.33:289][  0]LogPackFactory: Copied "../../../Samples/StarterContent/Content/StarterContent/Materials/M_Concrete_Grime.uasset" to "../../../../../../Users/Harry/Documents/Unreal Projects/MyProject2/Content/StarterContent/Materials/M_Concrete_Grime.uasset"
[2016.05.17-20.49.33:306][  0]LogPackFactory: Copied "../../../Samples/StarterContent/Content/StarterContent/Materials/M_Concrete_Panels.uasset" to "../../../../../../Users/Harry/Documents/Unreal Projects/MyProject2/Content/StarterContent/Materials/M_Concrete_Panels.uasset"
[2016.05.17-20.49.33:312][  0]LogPackFactory: Copied "../../../Samples/StarterContent/Content/StarterContent/Materials/M_Concrete_Poured.uasset" to "../../../../../../Users/Harry/Documents/Unreal Projects/MyProject2/Content/StarterContent/Materials/M_Concrete_Poured.uasset"
[2016.05.17-20.49.33:318][  0]LogPackFactory: Copied "../../../Samples/StarterContent/Content/StarterContent/Materials/M_Concrete_Tiles.uasset" to "../../../../../../Users/Harry/Documents/Unreal Projects/MyProject2/Content/StarterContent/Materials/M_Concrete_Tiles.uasset"
[2016.05.17-20.49.33:391][  0]LogPackFactory: Copied "../../../Samples/StarterContent/Content/StarterContent/Materials/M_Glass.uasset" to "../../../../../../Users/Harry/Documents/Unreal Projects/MyProject2/Content/StarterContent/Materials/M_Glass.uasset"
[2016.05.17-20.49.33:398][  0]LogPackFactory: Copied "../../../Samples/StarterContent/Content/StarterContent/Materials/M_Ground_Grass.uasset" to "../../../../../../Users/Harry/Documents/Unreal Projects/MyProject2/Content/StarterContent/Materials/M_Ground_Grass.uasset"
[2016.05.17-20.49.33:407][  0]LogPackFactory: Copied "../../../Samples/StarterContent/Content/StarterContent/Materials/M_Ground_Gravel.uasset" to "../../../../../../Users/Harry/Documents/Unreal Projects/MyProject2/Content/StarterContent/Materials/M_Ground_Gravel.uasset"
[2016.05.17-20.49.33:415][  0]LogPackFactory: Copied "../../../Samples/StarterContent/Content/StarterContent/Materials/M_Ground_Moss.uasset" to "../../../../../../Users/Harry/Documents/Unreal Projects/MyProject2/Content/StarterContent/Materials/M_Ground_Moss.uasset"
[2016.05.17-20.49.33:420][  0]LogPackFactory: Copied "../../../Samples/StarterContent/Content/StarterContent/Materials/M_Metal_Brushed_Nickel.uasset" to "../../../../../../Users/Harry/Documents/Unreal Projects/MyProject2/Content/StarterContent/Materials/M_Metal_Brushed_Nickel.uasset"
[2016.05.17-20.49.33:489][  0]LogPackFactory: Copied "../../../Samples/StarterContent/Content/StarterContent/Materials/M_Metal_Burnished_Steel.uasset" to "../../../../../../Users/Harry/Documents/Unreal Projects/MyProject2/Content/StarterContent/Materials/M_Metal_Burnished_Steel.uasset"
[2016.05.17-20.49.33:496][  0]LogPackFactory: Copied "../../../Samples/StarterContent/Content/StarterContent/Materials/M_Metal_Chrome.uasset" to "../../../../../../Users/Harry/Documents/Unreal Projects/MyProject2/Content/StarterContent/Materials/M_Metal_Chrome.uasset"
[2016.05.17-20.49.33:502][  0]LogPackFactory: Copied "../../../Samples/StarterContent/Content/StarterContent/Materials/M_Metal_Copper.uasset" to "../../../../../../Users/Harry/Documents/Unreal Projects/MyProject2/Content/StarterContent/Materials/M_Metal_Copper.uasset"
[2016.05.17-20.49.33:508][  0]LogPackFactory: Copied "../../../Samples/StarterContent/Content/StarterContent/Materials/M_Metal_Gold.uasset" to "../../../../../../Users/Harry/Documents/Unreal Projects/MyProject2/Content/StarterContent/Materials/M_Metal_Gold.uasset"
[2016.05.17-20.49.33:532][  0]LogPackFactory: Copied "../../../Samples/StarterContent/Content/StarterContent/Materials/M_Metal_Rust.uasset" to "../../../../../../Users/Harry/Documents/Unreal Projects/MyProject2/Content/StarterContent/Materials/M_Metal_Rust.uasset"
[2016.05.17-20.49.33:590][  0]LogPackFactory: Copied "../../../Samples/StarterContent/Content/StarterContent/Materials/M_Metal_Steel.uasset" to "../../../../../../Users/Harry/Documents/Unreal Projects/MyProject2/Content/StarterContent/Materials/M_Metal_Steel.uasset"
[2016.05.17-20.49.33:598][  0]LogPackFactory: Copied "../../../Samples/StarterContent/Content/StarterContent/Materials/M_Rock_Basalt.uasset" to "../../../../../../Users/Harry/Documents/Unreal Projects/MyProject2/Content/StarterContent/Materials/M_Rock_Basalt.uasset"
[2016.05.17-20.49.33:619][  0]LogPackFactory: Copied "../../../Samples/StarterContent/Content/StarterContent/Materials/M_Rock_Marble_Polished.uasset" to "../../../../../../Users/Harry/Documents/Unreal Projects/MyProject2/Content/StarterContent/Materials/M_Rock_Marble_Polished.uasset"
[2016.05.17-20.49.33:627][  0]LogPackFactory: Copied "../../../Samples/StarterContent/Content/StarterContent/Materials/M_Rock_Sandstone.uasset" to "../../../../../../Users/Harry/Documents/Unreal Projects/MyProject2/Content/StarterContent/Materials/M_Rock_Sandstone.uasset"
[2016.05.17-20.49.33:635][  0]LogPackFactory: Copied "../../../Samples/StarterContent/Content/StarterContent/Materials/M_Rock_Slate.uasset" to "../../../../../../Users/Harry/Documents/Unreal Projects/MyProject2/Content/StarterContent/Materials/M_Rock_Slate.uasset"
[2016.05.17-20.49.33:673][  0]LogPackFactory: Copied "../../../Samples/StarterContent/Content/StarterContent/Materials/M_Tech_Checker_Dot.uasset" to "../../../../../../Users/Harry/Documents/Unreal Projects/MyProject2/Content/StarterContent/Materials/M_Tech_Checker_Dot.uasset"
[2016.05.17-20.49.33:679][  0]LogPackFactory: Copied "../../../Samples/StarterContent/Content/StarterContent/Materials/M_Tech_Hex_Tile.uasset" to "../../../../../../Users/Harry/Documents/Unreal Projects/MyProject2/Content/StarterContent/Materials/M_Tech_Hex_Tile.uasset"
[2016.05.17-20.49.33:689][  0]LogPackFactory: Copied "../../../Samples/StarterContent/Content/StarterContent/Materials/M_Tech_Hex_Tile_Pulse.uasset" to "../../../../../../Users/Harry/Documents/Unreal Projects/MyProject2/Content/StarterContent/Materials/M_Tech_Hex_Tile_Pulse.uasset"
[2016.05.17-20.49.33:704][  0]LogPackFactory: Copied "../../../Samples/StarterContent/Content/StarterContent/Materials/M_Tech_Panel.uasset" to "../../../../../../Users/Harry/Documents/Unreal Projects/MyProject2/Content/StarterContent/Materials/M_Tech_Panel.uasset"
[2016.05.17-20.49.33:710][  0]LogPackFactory: Copied "../../../Samples/StarterContent/Content/StarterContent/Materials/M_Water_Lake.uasset" to "../../../../../../Users/Harry/Documents/Unreal Projects/MyProject2/Content/StarterContent/Materials/M_Water_Lake.uasset"
[2016.05.17-20.49.33:742][  0]LogPackFactory: Copied "../../../Samples/StarterContent/Content/StarterContent/Materials/M_Water_Ocean.uasset" to "../../../../../../Users/Harry/Documents/Unreal Projects/MyProject2/Content/StarterContent/Materials/M_Water_Ocean.uasset"
[2016.05.17-20.49.33:760][  0]LogPackFactory: Copied "../../../Samples/StarterContent/Content/StarterContent/Materials/M_Wood_Floor_Walnut_Polished.uasset" to "../../../../../../Users/Harry/Documents/Unreal Projects/MyProject2/Content/StarterContent/Materials/M_Wood_Floor_Walnut_Polished.uasset"
[2016.05.17-20.49.33:884][  0]LogPackFactory: Copied "../../../Samples/StarterContent/Content/StarterContent/Materials/M_Wood_Floor_Walnut_Worn.uasset" to "../../../../../../Users/Harry/Documents/Unreal Projects/MyProject2/Content/StarterContent/Materials/M_Wood_Floor_Walnut_Worn.uasset"
[2016.05.17-20.49.33:964][  0]LogPackFactory: Copied "../../../Samples/StarterContent/Content/StarterContent/Materials/M_Wood_Oak.uasset" to "../../../../../../Users/Harry/Documents/Unreal Projects/MyProject2/Content/StarterContent/Materials/M_Wood_Oak.uasset"
[2016.05.17-20.49.34:043][  0]LogPackFactory: Copied "../../../Samples/StarterContent/Content/StarterContent/Materials/M_Wood_Pine.uasset" to "../../../../../../Users/Harry/Documents/Unreal Projects/MyProject2/Content/StarterContent/Materials/M_Wood_Pine.uasset"
[2016.05.17-20.49.34:127][  0]LogPackFactory: Copied "../../../Samples/StarterContent/Content/StarterContent/Materials/M_Wood_Walnut.uasset" to "../../../../../../Users/Harry/Documents/Unreal Projects/MyProject2/Content/StarterContent/Materials/M_Wood_Walnut.uasset"
[2016.05.17-20.49.34:209][  0]LogPackFactory: Copied "../../../Samples/StarterContent/Content/StarterContent/Particles/P_Ambient_Dust.uasset" to "../../../../../../Users/Harry/Documents/Unreal Projects/MyProject2/Content/StarterContent/Particles/P_Ambient_Dust.uasset"
[2016.05.17-20.49.34:295][  0]LogPackFactory: Copied "../../../Samples/StarterContent/Content/StarterContent/Particles/P_Explosion.uasset" to "../../../../../../Users/Harry/Documents/Unreal Projects/MyProject2/Content/StarterContent/Particles/P_Explosion.uasset"
[2016.05.17-20.49.34:302][  0]LogPackFactory: Copied "../../../Samples/StarterContent/Content/StarterContent/Particles/P_Fire.uasset" to "../../../../../../Users/Harry/Documents/Unreal Projects/MyProject2/Content/StarterContent/Particles/P_Fire.uasset"
[2016.05.17-20.49.34:308][  0]LogPackFactory: Copied "../../../Samples/StarterContent/Content/StarterContent/Particles/P_Smoke.uasset" to "../../../../../../Users/Harry/Documents/Unreal Projects/MyProject2/Content/StarterContent/Particles/P_Smoke.uasset"
[2016.05.17-20.49.34:315][  0]LogPackFactory: Copied "../../../Samples/StarterContent/Content/StarterContent/Particles/P_Sparks.uasset" to "../../../../../../Users/Harry/Documents/Unreal Projects/MyProject2/Content/StarterContent/Particles/P_Sparks.uasset"
[2016.05.17-20.49.34:321][  0]LogPackFactory: Copied "../../../Samples/StarterContent/Content/StarterContent/Particles/P_Steam_Lit.uasset" to "../../../../../../Users/Harry/Documents/Unreal Projects/MyProject2/Content/StarterContent/Particles/P_Steam_Lit.uasset"
[2016.05.17-20.49.34:365][  0]LogPackFactory: Copied "../../../Samples/StarterContent/Content/StarterContent/Particles/Materials/M_Burst.uasset" to "../../../../../../Users/Harry/Documents/Unreal Projects/MyProject2/Content/StarterContent/Particles/Materials/M_Burst.uasset"
[2016.05.17-20.49.34:401][  0]LogPackFactory: Copied "../../../Samples/StarterContent/Content/StarterContent/Particles/Materials/M_Dust_Particle.uasset" to "../../../../../../Users/Harry/Documents/Unreal Projects/MyProject2/Content/StarterContent/Particles/Materials/M_Dust_Particle.uasset"
[2016.05.17-20.49.34:443][  0]LogPackFactory: Copied "../../../Samples/StarterContent/Content/StarterContent/Particles/Materials/M_explosion_subUV.uasset" to "../../../../../../Users/Harry/Documents/Unreal Projects/MyProject2/Content/StarterContent/Particles/Materials/M_explosion_subUV.uasset"
[2016.05.17-20.49.34:466][  0]LogPackFactory: Copied "../../../Samples/StarterContent/Content/StarterContent/Particles/Materials/M_Fire_SubUV.uasset" to "../../../../../../Users/Harry/Documents/Unreal Projects/MyProject2/Content/StarterContent/Particles/Materials/M_Fire_SubUV.uasset"
[2016.05.17-20.49.34:493][  0]LogPackFactory: Copied "../../../Samples/StarterContent/Content/StarterContent/Particles/Materials/m_flare_01.uasset" to "../../../../../../Users/Harry/Documents/Unreal Projects/MyProject2/Content/StarterContent/Particles/Materials/m_flare_01.uasset"
[2016.05.17-20.49.34:524][  0]LogPackFactory: Copied "../../../Samples/StarterContent/Content/StarterContent/Particles/Materials/M_Heat_Distortion.uasset" to "../../../../../../Users/Harry/Documents/Unreal Projects/MyProject2/Content/StarterContent/Particles/Materials/M_Heat_Distortion.uasset"
[2016.05.17-20.49.34:563][  0]LogPackFactory: Copied "../../../Samples/StarterContent/Content/StarterContent/Particles/Materials/M_Radial_Gradient.uasset" to "../../../../../../Users/Harry/Documents/Unreal Projects/MyProject2/Content/StarterContent/Particles/Materials/M_Radial_Gradient.uasset"
[2016.05.17-20.49.34:584][  0]LogPackFactory: Copied "../../../Samples/StarterContent/Content/StarterContent/Particles/Materials/M_radial_ramp.uasset" to "../../../../../../Users/Harry/Documents/Unreal Projects/MyProject2/Content/StarterContent/Particles/Materials/M_radial_ramp.uasset"
[2016.05.17-20.49.34:591][  0]LogPackFactory: Copied "../../../Samples/StarterContent/Content/StarterContent/Particles/Materials/M_smoke_subUV.uasset" to "../../../../../../Users/Harry/Documents/Unreal Projects/MyProject2/Content/StarterContent/Particles/Materials/M_smoke_subUV.uasset"
[2016.05.17-20.49.34:598][  0]LogPackFactory: Copied "../../../Samples/StarterContent/Content/StarterContent/Particles/Materials/M_Spark.uasset" to "../../../../../../Users/Harry/Documents/Unreal Projects/MyProject2/Content/StarterContent/Particles/Materials/M_Spark.uasset"
[2016.05.17-20.49.34:665][  0]LogPackFactory: Copied "../../../Samples/StarterContent/Content/StarterContent/Props/MaterialSphere.uasset" to "../../../../../../Users/Harry/Documents/Unreal Projects/MyProject2/Content/StarterContent/Props/MaterialSphere.uasset"
[2016.05.17-20.49.34:674][  0]LogPackFactory: Copied "../../../Samples/StarterContent/Content/StarterContent/Props/SM_Bush.uasset" to "../../../../../../Users/Harry/Documents/Unreal Projects/MyProject2/Content/StarterContent/Props/SM_Bush.uasset"
[2016.05.17-20.49.34:681][  0]LogPackFactory: Copied "../../../Samples/StarterContent/Content/StarterContent/Props/SM_Chair.uasset" to "../../../../../../Users/Harry/Documents/Unreal Projects/MyProject2/Content/StarterContent/Props/SM_Chair.uasset"
[2016.05.17-20.49.34:688][  0]LogPackFactory: Copied "../../../Samples/StarterContent/Content/StarterContent/Props/SM_CornerFrame.uasset" to "../../../../../../Users/Harry/Documents/Unreal Projects/MyProject2/Content/StarterContent/Props/SM_CornerFrame.uasset"
[2016.05.17-20.49.34:696][  0]LogPackFactory: Copied "../../../Samples/StarterContent/Content/StarterContent/Props/SM_Couch.uasset" to "../../../../../../Users/Harry/Documents/Unreal Projects/MyProject2/Content/StarterContent/Props/SM_Couch.uasset"
[2016.05.17-20.49.34:734][  0]LogPackFactory: Copied "../../../Samples/StarterContent/Content/StarterContent/Props/SM_Door.uasset" to "../../../../../../Users/Harry/Documents/Unreal Projects/MyProject2/Content/StarterContent/Props/SM_Door.uasset"
[2016.05.17-20.49.34:740][  0]LogPackFactory: Copied "../../../Samples/StarterContent/Content/StarterContent/Props/SM_DoorFrame.uasset" to "../../../../../../Users/Harry/Documents/Unreal Projects/MyProject2/Content/StarterContent/Props/SM_DoorFrame.uasset"
[2016.05.17-20.49.34:746][  0]LogPackFactory: Copied "../../../Samples/StarterContent/Content/StarterContent/Props/SM_GlassWindow.uasset" to "../../../../../../Users/Harry/Documents/Unreal Projects/MyProject2/Content/StarterContent/Props/SM_GlassWindow.uasset"
[2016.05.17-20.49.34:769][  0]LogPackFactory: Copied "../../../Samples/StarterContent/Content/StarterContent/Props/SM_Lamp_Ceiling.uasset" to "../../../../../../Users/Harry/Documents/Unreal Projects/MyProject2/Content/StarterContent/Props/SM_Lamp_Ceiling.uasset"
[2016.05.17-20.49.34:776][  0]LogPackFactory: Copied "../../../Samples/StarterContent/Content/StarterContent/Props/SM_Lamp_Wall.uasset" to "../../../../../../Users/Harry/Documents/Unreal Projects/MyProject2/Content/StarterContent/Props/SM_Lamp_Wall.uasset"
[2016.05.17-20.49.34:841][  0]LogPackFactory: Copied "../../../Samples/StarterContent/Content/StarterContent/Props/SM_MatPreviewMesh_02.uasset" to "../../../../../../Users/Harry/Documents/Unreal Projects/MyProject2/Content/StarterContent/Props/SM_MatPreviewMesh_02.uasset"
[2016.05.17-20.49.34:847][  0]LogPackFactory: Copied "../../../Samples/StarterContent/Content/StarterContent/Props/SM_PillarFrame.uasset" to "../../../../../../Users/Harry/Documents/Unreal Projects/MyProject2/Content/StarterContent/Props/SM_PillarFrame.uasset"
[2016.05.17-20.49.34:854][  0]LogPackFactory: Copied "../../../Samples/StarterContent/Content/StarterContent/Props/SM_PillarFrame300.uasset" to "../../../../../../Users/Harry/Documents/Unreal Projects/MyProject2/Content/StarterContent/Props/SM_PillarFrame300.uasset"
[2016.05.17-20.49.34:861][  0]LogPackFactory: Copied "../../../Samples/StarterContent/Content/StarterContent/Props/SM_Rock.uasset" to "../../../../../../Users/Harry/Documents/Unreal Projects/MyProject2/Content/StarterContent/Props/SM_Rock.uasset"
[2016.05.17-20.49.34:868][  0]LogPackFactory: Copied "../../../Samples/StarterContent/Content/StarterContent/Props/SM_Shelf.uasset" to "../../../../../../Users/Harry/Documents/Unreal Projects/MyProject2/Content/StarterContent/Props/SM_Shelf.uasset"
[2016.05.17-20.49.34:906][  0]LogPackFactory: Copied "../../../Samples/StarterContent/Content/StarterContent/Props/SM_Stairs.uasset" to "../../../../../../Users/Harry/Documents/Unreal Projects/MyProject2/Content/StarterContent/Props/SM_Stairs.uasset"
[2016.05.17-20.49.34:915][  0]LogPackFactory: Copied "../../../Samples/StarterContent/Content/StarterContent/Props/SM_Statue.uasset" to "../../../../../../Users/Harry/Documents/Unreal Projects/MyProject2/Content/StarterContent/Props/SM_Statue.uasset"
[2016.05.17-20.49.34:937][  0]LogPackFactory: Copied "../../../Samples/StarterContent/Content/StarterContent/Props/SM_TableRound.uasset" to "../../../../../../Users/Harry/Documents/Unreal Projects/MyProject2/Content/StarterContent/Props/SM_TableRound.uasset"
[2016.05.17-20.49.34:943][  0]LogPackFactory: Copied "../../../Samples/StarterContent/Content/StarterContent/Props/SM_WindowFrame.uasset" to "../../../../../../Users/Harry/Documents/Unreal Projects/MyProject2/Content/StarterContent/Props/SM_WindowFrame.uasset"
[2016.05.17-20.49.34:968][  0]LogPackFactory: Copied "../../../Samples/StarterContent/Content/StarterContent/Props/Materials/M_Bush.uasset" to "../../../../../../Users/Harry/Documents/Unreal Projects/MyProject2/Content/StarterContent/Props/Materials/M_Bush.uasset"
[2016.05.17-20.49.35:006][  0]LogPackFactory: Copied "../../../Samples/StarterContent/Content/StarterContent/Props/Materials/M_Chair.uasset" to "../../../../../../Users/Harry/Documents/Unreal Projects/MyProject2/Content/StarterContent/Props/Materials/M_Chair.uasset"
[2016.05.17-20.49.35:012][  0]LogPackFactory: Copied "../../../Samples/StarterContent/Content/StarterContent/Props/Materials/M_Door.uasset" to "../../../../../../Users/Harry/Documents/Unreal Projects/MyProject2/Content/StarterContent/Props/Materials/M_Door.uasset"
[2016.05.17-20.49.35:066][  0]LogPackFactory: Copied "../../../Samples/StarterContent/Content/StarterContent/Props/Materials/M_Frame.uasset" to "../../../../../../Users/Harry/Documents/Unreal Projects/MyProject2/Content/StarterContent/Props/Materials/M_Frame.uasset"
[2016.05.17-20.49.35:074][  0]LogPackFactory: Copied "../../../Samples/StarterContent/Content/StarterContent/Props/Materials/M_Lamp.uasset" to "../../../../../../Users/Harry/Documents/Unreal Projects/MyProject2/Content/StarterContent/Props/Materials/M_Lamp.uasset"
[2016.05.17-20.49.35:082][  0]LogPackFactory: Copied "../../../Samples/StarterContent/Content/StarterContent/Props/Materials/M_MaterialSphere.uasset" to "../../../../../../Users/Harry/Documents/Unreal Projects/MyProject2/Content/StarterContent/Props/Materials/M_MaterialSphere.uasset"
[2016.05.17-20.49.35:098][  0]LogPackFactory: Copied "../../../Samples/StarterContent/Content/StarterContent/Props/Materials/M_MaterialSphere_Plain.uasset" to "../../../../../../Users/Harry/Documents/Unreal Projects/MyProject2/Content/StarterContent/Props/Materials/M_MaterialSphere_Plain.uasset"
[2016.05.17-20.49.35:104][  0]LogPackFactory: Copied "../../../Samples/StarterContent/Content/StarterContent/Props/Materials/M_Rock.uasset" to "../../../../../../Users/Harry/Documents/Unreal Projects/MyProject2/Content/StarterContent/Props/Materials/M_Rock.uasset"
[2016.05.17-20.49.35:112][  0]LogPackFactory: Copied "../../../Samples/StarterContent/Content/StarterContent/Props/Materials/M_Shelf.uasset" to "../../../../../../Users/Harry/Documents/Unreal Projects/MyProject2/Content/StarterContent/Props/Materials/M_Shelf.uasset"
[2016.05.17-20.49.35:130][  0]LogPackFactory: Copied "../../../Samples/StarterContent/Content/StarterContent/Props/Materials/M_Statue.uasset" to "../../../../../../Users/Harry/Documents/Unreal Projects/MyProject2/Content/StarterContent/Props/Materials/M_Statue.uasset"
[2016.05.17-20.49.35:137][  0]LogPackFactory: Copied "../../../Samples/StarterContent/Content/StarterContent/Props/Materials/M_StatueGlass.uasset" to "../../../../../../Users/Harry/Documents/Unreal Projects/MyProject2/Content/StarterContent/Props/Materials/M_StatueGlass.uasset"
[2016.05.17-20.49.35:168][  0]LogPackFactory: Copied "../../../Samples/StarterContent/Content/StarterContent/Props/Materials/M_TableRound.uasset" to "../../../../../../Users/Harry/Documents/Unreal Projects/MyProject2/Content/StarterContent/Props/Materials/M_TableRound.uasset"
[2016.05.17-20.49.35:213][  0]LogPackFactory: Copied "../../../Samples/StarterContent/Content/StarterContent/Shapes/Shape_Cone.uasset" to "../../../../../../Users/Harry/Documents/Unreal Projects/MyProject2/Content/StarterContent/Shapes/Shape_Cone.uasset"
[2016.05.17-20.49.35:220][  0]LogPackFactory: Copied "../../../Samples/StarterContent/Content/StarterContent/Shapes/Shape_Cube.uasset" to "../../../../../../Users/Harry/Documents/Unreal Projects/MyProject2/Content/StarterContent/Shapes/Shape_Cube.uasset"
[2016.05.17-20.49.35:229][  0]LogPackFactory: Copied "../../../Samples/StarterContent/Content/StarterContent/Shapes/Shape_Cylinder.uasset" to "../../../../../../Users/Harry/Documents/Unreal Projects/MyProject2/Content/StarterContent/Shapes/Shape_Cylinder.uasset"
[2016.05.17-20.49.35:250][  0]LogPackFactory: Copied "../../../Samples/StarterContent/Content/StarterContent/Shapes/Shape_NarrowCapsule.uasset" to "../../../../../../Users/Harry/Documents/Unreal Projects/MyProject2/Content/StarterContent/Shapes/Shape_NarrowCapsule.uasset"
[2016.05.17-20.49.35:304][  0]LogPackFactory: Copied "../../../Samples/StarterContent/Content/StarterContent/Shapes/Shape_Pipe.uasset" to "../../../../../../Users/Harry/Documents/Unreal Projects/MyProject2/Content/StarterContent/Shapes/Shape_Pipe.uasset"
[2016.05.17-20.49.35:317][  0]LogPackFactory: Copied "../../../Samples/StarterContent/Content/StarterContent/Shapes/Shape_Pipe_180.uasset" to "../../../../../../Users/Harry/Documents/Unreal Projects/MyProject2/Content/StarterContent/Shapes/Shape_Pipe_180.uasset"
[2016.05.17-20.49.35:328][  0]LogPackFactory: Copied "../../../Samples/StarterContent/Content/StarterContent/Shapes/Shape_Pipe_90.uasset" to "../../../../../../Users/Harry/Documents/Unreal Projects/MyProject2/Content/StarterContent/Shapes/Shape_Pipe_90.uasset"
[2016.05.17-20.49.35:333][  0]LogPackFactory: Copied "../../../Samples/StarterContent/Content/StarterContent/Shapes/Shape_Plane.uasset" to "../../../../../../Users/Harry/Documents/Unreal Projects/MyProject2/Content/StarterContent/Shapes/Shape_Plane.uasset"
[2016.05.17-20.49.35:339][  0]LogPackFactory: Copied "../../../Samples/StarterContent/Content/StarterContent/Shapes/Shape_QuadPyramid.uasset" to "../../../../../../Users/Harry/Documents/Unreal Projects/MyProject2/Content/StarterContent/Shapes/Shape_QuadPyramid.uasset"
[2016.05.17-20.49.35:357][  0]LogPackFactory: Copied "../../../Samples/StarterContent/Content/StarterContent/Shapes/Shape_Sphere.uasset" to "../../../../../../Users/Harry/Documents/Unreal Projects/MyProject2/Content/StarterContent/Shapes/Shape_Sphere.uasset"
[2016.05.17-20.49.35:375][  0]LogPackFactory: Copied "../../../Samples/StarterContent/Content/StarterContent/Shapes/Shape_Torus.uasset" to "../../../../../../Users/Harry/Documents/Unreal Projects/MyProject2/Content/StarterContent/Shapes/Shape_Torus.uasset"
[2016.05.17-20.49.35:381][  0]LogPackFactory: Copied "../../../Samples/StarterContent/Content/StarterContent/Shapes/Shape_Trim.uasset" to "../../../../../../Users/Harry/Documents/Unreal Projects/MyProject2/Content/StarterContent/Shapes/Shape_Trim.uasset"
[2016.05.17-20.49.35:388][  0]LogPackFactory: Copied "../../../Samples/StarterContent/Content/StarterContent/Shapes/Shape_Trim_90_In.uasset" to "../../../../../../Users/Harry/Documents/Unreal Projects/MyProject2/Content/StarterContent/Shapes/Shape_Trim_90_In.uasset"
[2016.05.17-20.49.35:394][  0]LogPackFactory: Copied "../../../Samples/StarterContent/Content/StarterContent/Shapes/Shape_Trim_90_Out.uasset" to "../../../../../../Users/Harry/Documents/Unreal Projects/MyProject2/Content/StarterContent/Shapes/Shape_Trim_90_Out.uasset"
[2016.05.17-20.49.35:428][  0]LogPackFactory: Copied "../../../Samples/StarterContent/Content/StarterContent/Shapes/Shape_TriPyramid.uasset" to "../../../../../../Users/Harry/Documents/Unreal Projects/MyProject2/Content/StarterContent/Shapes/Shape_TriPyramid.uasset"
[2016.05.17-20.49.35:452][  0]LogPackFactory: Copied "../../../Samples/StarterContent/Content/StarterContent/Shapes/Shape_Tube.uasset" to "../../../../../../Users/Harry/Documents/Unreal Projects/MyProject2/Content/StarterContent/Shapes/Shape_Tube.uasset"
[2016.05.17-20.49.35:459][  0]LogPackFactory: Copied "../../../Samples/StarterContent/Content/StarterContent/Shapes/Shape_Wedge_A.uasset" to "../../../../../../Users/Harry/Documents/Unreal Projects/MyProject2/Content/StarterContent/Shapes/Shape_Wedge_A.uasset"
[2016.05.17-20.49.35:467][  0]LogPackFactory: Copied "../../../Samples/StarterContent/Content/StarterContent/Shapes/Shape_Wedge_B.uasset" to "../../../../../../Users/Harry/Documents/Unreal Projects/MyProject2/Content/StarterContent/Shapes/Shape_Wedge_B.uasset"
[2016.05.17-20.49.35:485][  0]LogPackFactory: Copied "../../../Samples/StarterContent/Content/StarterContent/Shapes/Shape_WideCapsule.uasset" to "../../../../../../Users/Harry/Documents/Unreal Projects/MyProject2/Content/StarterContent/Shapes/Shape_WideCapsule.uasset"
[2016.05.17-20.49.35:988][  0]LogPackFactory: Copied "../../../Samples/StarterContent/Content/StarterContent/Textures/T_Brick_Clay_Beveled_D.uasset" to "../../../../../../Users/Harry/Documents/Unreal Projects/MyProject2/Content/StarterContent/Textures/T_Brick_Clay_Beveled_D.uasset"
[2016.05.17-20.49.36:384][  0]LogPackFactory: Copied "../../../Samples/StarterContent/Content/StarterContent/Textures/T_Brick_Clay_Beveled_M.uasset" to "../../../../../../Users/Harry/Documents/Unreal Projects/MyProject2/Content/StarterContent/Textures/T_Brick_Clay_Beveled_M.uasset"
[2016.05.17-20.49.37:204][  0]LogPackFactory: Copied "../../../Samples/StarterContent/Content/StarterContent/Textures/T_Brick_Clay_Beveled_N.uasset" to "../../../../../../Users/Harry/Documents/Unreal Projects/MyProject2/Content/StarterContent/Textures/T_Brick_Clay_Beveled_N.uasset"
[2016.05.17-20.49.37:676][  0]LogPackFactory: Copied "../../../Samples/StarterContent/Content/StarterContent/Textures/T_Brick_Clay_New_D.uasset" to "../../../../../../Users/Harry/Documents/Unreal Projects/MyProject2/Content/StarterContent/Textures/T_Brick_Clay_New_D.uasset"
[2016.05.17-20.49.38:810][  0]LogPackFactory: Copied "../../../Samples/StarterContent/Content/StarterContent/Textures/T_Brick_Clay_New_M.uasset" to "../../../../../../Users/Harry/Documents/Unreal Projects/MyProject2/Content/StarterContent/Textures/T_Brick_Clay_New_M.uasset"
[2016.05.17-20.49.39:652][  0]LogPackFactory: Copied "../../../Samples/StarterContent/Content/StarterContent/Textures/T_Brick_Clay_New_N.uasset" to "../../../../../../Users/Harry/Documents/Unreal Projects/MyProject2/Content/StarterContent/Textures/T_Brick_Clay_New_N.uasset"
[2016.05.17-20.49.40:827][  0]LogPackFactory: Copied "../../../Samples/StarterContent/Content/StarterContent/Textures/T_Brick_Clay_Old_D.uasset" to "../../../../../../Users/Harry/Documents/Unreal Projects/MyProject2/Content/StarterContent/Textures/T_Brick_Clay_Old_D.uasset"
[2016.05.17-20.49.42:038][  0]LogPackFactory: Copied "../../../Samples/StarterContent/Content/StarterContent/Textures/T_Brick_Clay_Old_N.uasset" to "../../../../../../Users/Harry/Documents/Unreal Projects/MyProject2/Content/StarterContent/Textures/T_Brick_Clay_Old_N.uasset"
[2016.05.17-20.49.42:353][  0]LogPackFactory: Copied "../../../Samples/StarterContent/Content/StarterContent/Textures/T_Brick_Cut_Stone_D.uasset" to "../../../../../../Users/Harry/Documents/Unreal Projects/MyProject2/Content/StarterContent/Textures/T_Brick_Cut_Stone_D.uasset"
[2016.05.17-20.49.43:045][  0]LogPackFactory: Copied "../../../Samples/StarterContent/Content/StarterContent/Textures/T_Brick_Cut_Stone_N.uasset" to "../../../../../../Users/Harry/Documents/Unreal Projects/MyProject2/Content/StarterContent/Textures/T_Brick_Cut_Stone_N.uasset"
[2016.05.17-20.49.43:279][  0]LogPackFactory: Copied "../../../Samples/StarterContent/Content/StarterContent/Textures/T_Brick_Hewn_Stone_D.uasset" to "../../../../../../Users/Harry/Documents/Unreal Projects/MyProject2/Content/StarterContent/Textures/T_Brick_Hewn_Stone_D.uasset"
[2016.05.17-20.49.43:483][  0]LogPackFactory: Copied "../../../Samples/StarterContent/Content/StarterContent/Textures/T_Brick_Hewn_Stone_M.uasset" to "../../../../../../Users/Harry/Documents/Unreal Projects/MyProject2/Content/StarterContent/Textures/T_Brick_Hewn_Stone_M.uasset"
[2016.05.17-20.49.43:705][  0]LogPackFactory: Copied "../../../Samples/StarterContent/Content/StarterContent/Textures/T_Brick_Hewn_Stone_N.uasset" to "../../../../../../Users/Harry/Documents/Unreal Projects/MyProject2/Content/StarterContent/Textures/T_Brick_Hewn_Stone_N.uasset"
[2016.05.17-20.49.43:843][  0]LogPackFactory: Copied "../../../Samples/StarterContent/Content/StarterContent/Textures/T_Burst_M.uasset" to "../../../../../../Users/Harry/Documents/Unreal Projects/MyProject2/Content/StarterContent/Textures/T_Burst_M.uasset"
[2016.05.17-20.49.44:218][  0]LogPackFactory: Copied "../../../Samples/StarterContent/Content/StarterContent/Textures/T_Bush_D.uasset" to "../../../../../../Users/Harry/Documents/Unreal Projects/MyProject2/Content/StarterContent/Textures/T_Bush_D.uasset"
[2016.05.17-20.49.44:626][  0]LogPackFactory: Copied "../../../Samples/StarterContent/Content/StarterContent/Textures/T_Bush_N.uasset" to "../../../../../../Users/Harry/Documents/Unreal Projects/MyProject2/Content/StarterContent/Textures/T_Bush_N.uasset"
[2016.05.17-20.49.45:104][  0]LogPackFactory: Copied "../../../Samples/StarterContent/Content/StarterContent/Textures/T_Ceramic_Tile_M.uasset" to "../../../../../../Users/Harry/Documents/Unreal Projects/MyProject2/Content/StarterContent/Textures/T_Ceramic_Tile_M.uasset"
[2016.05.17-20.49.45:329][  0]LogPackFactory: Copied "../../../Samples/StarterContent/Content/StarterContent/Textures/T_Ceramic_Tile_N.uasset" to "../../../../../../Users/Harry/Documents/Unreal Projects/MyProject2/Content/StarterContent/Textures/T_Ceramic_Tile_N.uasset"
[2016.05.17-20.49.45:519][  0]LogPackFactory: Copied "../../../Samples/StarterContent/Content/StarterContent/Textures/T_Chair_M.uasset" to "../../../../../../Users/Harry/Documents/Unreal Projects/MyProject2/Content/StarterContent/Textures/T_Chair_M.uasset"
[2016.05.17-20.49.45:762][  0]LogPackFactory: Copied "../../../Samples/StarterContent/Content/StarterContent/Textures/T_Chair_N.uasset" to "../../../../../../Users/Harry/Documents/Unreal Projects/MyProject2/Content/StarterContent/Textures/T_Chair_N.uasset"
[2016.05.17-20.49.45:802][  0]LogPackFactory: Copied "../../../Samples/StarterContent/Content/StarterContent/Textures/T_Checker_Noise_M.uasset" to "../../../../../../Users/Harry/Documents/Unreal Projects/MyProject2/Content/StarterContent/Textures/T_Checker_Noise_M.uasset"
[2016.05.17-20.49.46:231][  0]LogPackFactory: Copied "../../../Samples/StarterContent/Content/StarterContent/Textures/T_CobbleStone_Pebble_D.uasset" to "../../../../../../Users/Harry/Documents/Unreal Projects/MyProject2/Content/StarterContent/Textures/T_CobbleStone_Pebble_D.uasset"
[2016.05.17-20.49.46:327][  0]LogPackFactory: Copied "../../../Samples/StarterContent/Content/StarterContent/Textures/T_CobbleStone_Pebble_M.uasset" to "../../../../../../Users/Harry/Documents/Unreal Projects/MyProject2/Content/StarterContent/Textures/T_CobbleStone_Pebble_M.uasset"
[2016.05.17-20.49.47:466][  0]LogPackFactory: Copied "../../../Samples/StarterContent/Content/StarterContent/Textures/T_CobbleStone_Pebble_N.uasset" to "../../../../../../Users/Harry/Documents/Unreal Projects/MyProject2/Content/StarterContent/Textures/T_CobbleStone_Pebble_N.uasset"
[2016.05.17-20.49.48:770][  0]LogPackFactory: Copied "../../../Samples/StarterContent/Content/StarterContent/Textures/T_CobbleStone_Rough_D.uasset" to "../../../../../../Users/Harry/Documents/Unreal Projects/MyProject2/Content/StarterContent/Textures/T_CobbleStone_Rough_D.uasset"
[2016.05.17-20.49.49:233][  0]LogPackFactory: Copied "../../../Samples/StarterContent/Content/StarterContent/Textures/T_CobbleStone_Rough_N.uasset" to "../../../../../../Users/Harry/Documents/Unreal Projects/MyProject2/Content/StarterContent/Textures/T_CobbleStone_Rough_N.uasset"
[2016.05.17-20.49.51:286][  0]LogPackFactory: Copied "../../../Samples/StarterContent/Content/StarterContent/Textures/T_CobbleStone_Smooth_D.uasset" to "../../../../../../Users/Harry/Documents/Unreal Projects/MyProject2/Content/StarterContent/Textures/T_CobbleStone_Smooth_D.uasset"
[2016.05.17-20.49.53:480][  0]LogPackFactory: Copied "../../../Samples/StarterContent/Content/StarterContent/Textures/T_CobbleStone_Smooth_M.uasset" to "../../../../../../Users/Harry/Documents/Unreal Projects/MyProject2/Content/StarterContent/Textures/T_CobbleStone_Smooth_M.uasset"
[2016.05.17-20.49.55:836][  0]LogPackFactory: Copied "../../../Samples/StarterContent/Content/StarterContent/Textures/T_CobbleStone_Smooth_N.uasset" to "../../../../../../Users/Harry/Documents/Unreal Projects/MyProject2/Content/StarterContent/Textures/T_CobbleStone_Smooth_N.uasset"
[2016.05.17-20.49.57:522][  0]LogPackFactory: Copied "../../../Samples/StarterContent/Content/StarterContent/Textures/T_Concrete_Grime_D.uasset" to "../../../../../../Users/Harry/Documents/Unreal Projects/MyProject2/Content/StarterContent/Textures/T_Concrete_Grime_D.uasset"
[2016.05.17-20.49.58:682][  0]LogPackFactory: Copied "../../../Samples/StarterContent/Content/StarterContent/Textures/T_Concrete_Panels_D.uasset" to "../../../../../../Users/Harry/Documents/Unreal Projects/MyProject2/Content/StarterContent/Textures/T_Concrete_Panels_D.uasset"
[2016.05.17-20.49.58:834][  0]LogPackFactory: Copied "../../../Samples/StarterContent/Content/StarterContent/Textures/T_Concrete_Panels_N.uasset" to "../../../../../../Users/Harry/Documents/Unreal Projects/MyProject2/Content/StarterContent/Textures/T_Concrete_Panels_N.uasset"
[2016.05.17-20.50.02:914][  0]LogPackFactory: Copied "../../../Samples/StarterContent/Content/StarterContent/Textures/T_Concrete_Poured_D.uasset" to "../../../../../../Users/Harry/Documents/Unreal Projects/MyProject2/Content/StarterContent/Textures/T_Concrete_Poured_D.uasset"
[2016.05.17-20.50.05:322][  0]LogPackFactory: Copied "../../../Samples/StarterContent/Content/StarterContent/Textures/T_Concrete_Poured_N.uasset" to "../../../../../../Users/Harry/Documents/Unreal Projects/MyProject2/Content/StarterContent/Textures/T_Concrete_Poured_N.uasset"
[2016.05.17-20.50.05:500][  0]LogPackFactory: Copied "../../../Samples/StarterContent/Content/StarterContent/Textures/T_Concrete_Tiles_D.uasset" to "../../../../../../Users/Harry/Documents/Unreal Projects/MyProject2/Content/StarterContent/Textures/T_Concrete_Tiles_D.uasset"
[2016.05.17-20.50.05:851][  0]LogPackFactory: Copied "../../../Samples/StarterContent/Content/StarterContent/Textures/T_Concrete_Tiles_M.uasset" to "../../../../../../Users/Harry/Documents/Unreal Projects/MyProject2/Content/StarterContent/Textures/T_Concrete_Tiles_M.uasset"
[2016.05.17-20.50.06:733][  0]LogPackFactory: Copied "../../../Samples/StarterContent/Content/StarterContent/Textures/T_Concrete_Tiles_N.uasset" to "../../../../../../Users/Harry/Documents/Unreal Projects/MyProject2/Content/StarterContent/Textures/T_Concrete_Tiles_N.uasset"
[2016.05.17-20.50.06:748][  0]LogPackFactory: Copied "../../../Samples/StarterContent/Content/StarterContent/Textures/T_Concrete_Tiles_Variation_M.uasset" to "../../../../../../Users/Harry/Documents/Unreal Projects/MyProject2/Content/StarterContent/Textures/T_Concrete_Tiles_Variation_M.uasset"
[2016.05.17-20.50.06:844][  0]LogPackFactory: Copied "../../../Samples/StarterContent/Content/StarterContent/Textures/T_Detail_Rocky_N.uasset" to "../../../../../../Users/Harry/Documents/Unreal Projects/MyProject2/Content/StarterContent/Textures/T_Detail_Rocky_N.uasset"
[2016.05.17-20.50.06:905][  0]LogPackFactory: Copied "../../../Samples/StarterContent/Content/StarterContent/Textures/T_Door_M.uasset" to "../../../../../../Users/Harry/Documents/Unreal Projects/MyProject2/Content/StarterContent/Textures/T_Door_M.uasset"
[2016.05.17-20.50.06:928][  0]LogPackFactory: Copied "../../../Samples/StarterContent/Content/StarterContent/Textures/T_Door_N.uasset" to "../../../../../../Users/Harry/Documents/Unreal Projects/MyProject2/Content/StarterContent/Textures/T_Door_N.uasset"
[2016.05.17-20.50.06:940][  0]LogPackFactory: Copied "../../../Samples/StarterContent/Content/StarterContent/Textures/T_Dust_Particle_D.uasset" to "../../../../../../Users/Harry/Documents/Unreal Projects/MyProject2/Content/StarterContent/Textures/T_Dust_Particle_D.uasset"
[2016.05.17-20.50.07:069][  0]LogPackFactory: Copied "../../../Samples/StarterContent/Content/StarterContent/Textures/T_Explosion_SubUV.uasset" to "../../../../../../Users/Harry/Documents/Unreal Projects/MyProject2/Content/StarterContent/Textures/T_Explosion_SubUV.uasset"
[2016.05.17-20.50.07:095][  0]LogPackFactory: Copied "../../../Samples/StarterContent/Content/StarterContent/Textures/T_Fire_SubUV.uasset" to "../../../../../../Users/Harry/Documents/Unreal Projects/MyProject2/Content/StarterContent/Textures/T_Fire_SubUV.uasset"
[2016.05.17-20.50.07:118][  0]LogPackFactory: Copied "../../../Samples/StarterContent/Content/StarterContent/Textures/T_Fire_Tiled_D.uasset" to "../../../../../../Users/Harry/Documents/Unreal Projects/MyProject2/Content/StarterContent/Textures/T_Fire_Tiled_D.uasset"
[2016.05.17-20.50.07:199][  0]LogPackFactory: Copied "../../../Samples/StarterContent/Content/StarterContent/Textures/T_Frame_M.uasset" to "../../../../../../Users/Harry/Documents/Unreal Projects/MyProject2/Content/StarterContent/Textures/T_Frame_M.uasset"
[2016.05.17-20.50.07:214][  0]LogPackFactory: Copied "../../../Samples/StarterContent/Content/StarterContent/Textures/T_Frame_N.uasset" to "../../../../../../Users/Harry/Documents/Unreal Projects/MyProject2/Content/StarterContent/Textures/T_Frame_N.uasset"
[2016.05.17-20.50.07:275][  0]LogPackFactory: Copied "../../../Samples/StarterContent/Content/StarterContent/Textures/T_Gradinet_01.uasset" to "../../../../../../Users/Harry/Documents/Unreal Projects/MyProject2/Content/StarterContent/Textures/T_Gradinet_01.uasset"
[2016.05.17-20.50.07:952][  0]LogPackFactory: Copied "../../../Samples/StarterContent/Content/StarterContent/Textures/T_Ground_Grass_D.uasset" to "../../../../../../Users/Harry/Documents/Unreal Projects/MyProject2/Content/StarterContent/Textures/T_Ground_Grass_D.uasset"
[2016.05.17-20.50.08:163][  0]LogPackFactory: Copied "../../../Samples/StarterContent/Content/StarterContent/Textures/T_Ground_Grass_N.uasset" to "../../../../../../Users/Harry/Documents/Unreal Projects/MyProject2/Content/StarterContent/Textures/T_Ground_Grass_N.uasset"
[2016.05.17-20.50.08:534][  0]LogPackFactory: Copied "../../../Samples/StarterContent/Content/StarterContent/Textures/T_Ground_Gravel_D.uasset" to "../../../../../../Users/Harry/Documents/Unreal Projects/MyProject2/Content/StarterContent/Textures/T_Ground_Gravel_D.uasset"
[2016.05.17-20.50.08:825][  0]LogPackFactory: Copied "../../../Samples/StarterContent/Content/StarterContent/Textures/T_Ground_Gravel_N.uasset" to "../../../../../../Users/Harry/Documents/Unreal Projects/MyProject2/Content/StarterContent/Textures/T_Ground_Gravel_N.uasset"
[2016.05.17-20.50.09:930][  0]LogPackFactory: Copied "../../../Samples/StarterContent/Content/StarterContent/Textures/T_ground_Moss_D.uasset" to "../../../../../../Users/Harry/Documents/Unreal Projects/MyProject2/Content/StarterContent/Textures/T_ground_Moss_D.uasset"
[2016.05.17-20.50.11:135][  0]LogPackFactory: Copied "../../../Samples/StarterContent/Content/StarterContent/Textures/T_Ground_Moss_N.uasset" to "../../../../../../Users/Harry/Documents/Unreal Projects/MyProject2/Content/StarterContent/Textures/T_Ground_Moss_N.uasset"
[2016.05.17-20.50.11:557][  0]LogPackFactory: Copied "../../../Samples/StarterContent/Content/StarterContent/Textures/T_Lamp_M.uasset" to "../../../../../../Users/Harry/Documents/Unreal Projects/MyProject2/Content/StarterContent/Textures/T_Lamp_M.uasset"
[2016.05.17-20.50.11:827][  0]LogPackFactory: Copied "../../../Samples/StarterContent/Content/StarterContent/Textures/T_Lamp_N.uasset" to "../../../../../../Users/Harry/Documents/Unreal Projects/MyProject2/Content/StarterContent/Textures/T_Lamp_N.uasset"
[2016.05.17-20.50.12:406][  0]LogPackFactory: Copied "../../../Samples/StarterContent/Content/StarterContent/Textures/T_MacroVariation.uasset" to "../../../../../../Users/Harry/Documents/Unreal Projects/MyProject2/Content/StarterContent/Textures/T_MacroVariation.uasset"
[2016.05.17-20.50.13:327][  0]LogPackFactory: Copied "../../../Samples/StarterContent/Content/StarterContent/Textures/T_Metal_Aluminum_D.uasset" to "../../../../../../Users/Harry/Documents/Unreal Projects/MyProject2/Content/StarterContent/Textures/T_Metal_Aluminum_D.uasset"
[2016.05.17-20.50.13:508][  0]LogPackFactory: Copied "../../../Samples/StarterContent/Content/StarterContent/Textures/T_Metal_Copper_D.uasset" to "../../../../../../Users/Harry/Documents/Unreal Projects/MyProject2/Content/StarterContent/Textures/T_Metal_Copper_D.uasset"
[2016.05.17-20.50.13:970][  0]LogPackFactory: Copied "../../../Samples/StarterContent/Content/StarterContent/Textures/T_Metal_Gold_D.uasset" to "../../../../../../Users/Harry/Documents/Unreal Projects/MyProject2/Content/StarterContent/Textures/T_Metal_Gold_D.uasset"
[2016.05.17-20.50.14:060][  0]LogPackFactory: Copied "../../../Samples/StarterContent/Content/StarterContent/Textures/T_Metal_Gold_N.uasset" to "../../../../../../Users/Harry/Documents/Unreal Projects/MyProject2/Content/StarterContent/Textures/T_Metal_Gold_N.uasset"
[2016.05.17-20.50.14:586][  0]LogPackFactory: Copied "../../../Samples/StarterContent/Content/StarterContent/Textures/T_Metal_Rust_D.uasset" to "../../../../../../Users/Harry/Documents/Unreal Projects/MyProject2/Content/StarterContent/Textures/T_Metal_Rust_D.uasset"
[2016.05.17-20.50.14:740][  0]LogPackFactory: Copied "../../../Samples/StarterContent/Content/StarterContent/Textures/T_Metal_Rust_N.uasset" to "../../../../../../Users/Harry/Documents/Unreal Projects/MyProject2/Content/StarterContent/Textures/T_Metal_Rust_N.uasset"
[2016.05.17-20.50.14:850][  0]LogPackFactory: Copied "../../../Samples/StarterContent/Content/StarterContent/Textures/T_Metal_Steel_D.uasset" to "../../../../../../Users/Harry/Documents/Unreal Projects/MyProject2/Content/StarterContent/Textures/T_Metal_Steel_D.uasset"
[2016.05.17-20.50.14:920][  0]LogPackFactory: Copied "../../../Samples/StarterContent/Content/StarterContent/Textures/T_Metal_Steel_N.uasset" to "../../../../../../Users/Harry/Documents/Unreal Projects/MyProject2/Content/StarterContent/Textures/T_Metal_Steel_N.uasset"
[2016.05.17-20.50.15:107][  0]LogPackFactory: Copied "../../../Samples/StarterContent/Content/StarterContent/Textures/T_Perlin_Noise_M.uasset" to "../../../../../../Users/Harry/Documents/Unreal Projects/MyProject2/Content/StarterContent/Textures/T_Perlin_Noise_M.uasset"
[2016.05.17-20.50.15:247][  0]LogPackFactory: Copied "../../../Samples/StarterContent/Content/StarterContent/Textures/T_RockMesh_M.uasset" to "../../../../../../Users/Harry/Documents/Unreal Projects/MyProject2/Content/StarterContent/Textures/T_RockMesh_M.uasset"
[2016.05.17-20.50.17:253][  0]LogPackFactory: Copied "../../../Samples/StarterContent/Content/StarterContent/Textures/T_RockMesh_N.uasset" to "../../../../../../Users/Harry/Documents/Unreal Projects/MyProject2/Content/StarterContent/Textures/T_RockMesh_N.uasset"
[2016.05.17-20.50.17:772][  0]LogPackFactory: Copied "../../../Samples/StarterContent/Content/StarterContent/Textures/T_Rock_Basalt_D.uasset" to "../../../../../../Users/Harry/Documents/Unreal Projects/MyProject2/Content/StarterContent/Textures/T_Rock_Basalt_D.uasset"
[2016.05.17-20.50.17:955][  0]LogPackFactory: Copied "../../../Samples/StarterContent/Content/StarterContent/Textures/T_Rock_Basalt_N.uasset" to "../../../../../../Users/Harry/Documents/Unreal Projects/MyProject2/Content/StarterContent/Textures/T_Rock_Basalt_N.uasset"
[2016.05.17-20.50.18:514][  0]LogPackFactory: Copied "../../../Samples/StarterContent/Content/StarterContent/Textures/T_Rock_Marble_Polished_D.uasset" to "../../../../../../Users/Harry/Documents/Unreal Projects/MyProject2/Content/StarterContent/Textures/T_Rock_Marble_Polished_D.uasset"
[2016.05.17-20.50.18:954][  0]LogPackFactory: Copied "../../../Samples/StarterContent/Content/StarterContent/Textures/T_Rock_Sandstone_D.uasset" to "../../../../../../Users/Harry/Documents/Unreal Projects/MyProject2/Content/StarterContent/Textures/T_Rock_Sandstone_D.uasset"
[2016.05.17-20.50.19:275][  0]LogPackFactory: Copied "../../../Samples/StarterContent/Content/StarterContent/Textures/T_Rock_Sandstone_N.uasset" to "../../../../../../Users/Harry/Documents/Unreal Projects/MyProject2/Content/StarterContent/Textures/T_Rock_Sandstone_N.uasset"
[2016.05.17-20.50.20:590][  0]LogPackFactory: Copied "../../../Samples/StarterContent/Content/StarterContent/Textures/T_Rock_Slate_D.uasset" to "../../../../../../Users/Harry/Documents/Unreal Projects/MyProject2/Content/StarterContent/Textures/T_Rock_Slate_D.uasset"
[2016.05.17-20.50.20:926][  0]LogPackFactory: Copied "../../../Samples/StarterContent/Content/StarterContent/Textures/T_Rock_Slate_N.uasset" to "../../../../../../Users/Harry/Documents/Unreal Projects/MyProject2/Content/StarterContent/Textures/T_Rock_Slate_N.uasset"
[2016.05.17-20.50.22:364][  0]LogPackFactory: Copied "../../../Samples/StarterContent/Content/StarterContent/Textures/T_Rock_Smooth_Granite_D.uasset" to "../../../../../../Users/Harry/Documents/Unreal Projects/MyProject2/Content/StarterContent/Textures/T_Rock_Smooth_Granite_D.uasset"
[2016.05.17-20.50.22:780][  0]LogPackFactory: Copied "../../../Samples/StarterContent/Content/StarterContent/Textures/T_Shelf_M.uasset" to "../../../../../../Users/Harry/Documents/Unreal Projects/MyProject2/Content/StarterContent/Textures/T_Shelf_M.uasset"
[2016.05.17-20.50.22:873][  0]LogPackFactory: Copied "../../../Samples/StarterContent/Content/StarterContent/Textures/T_Shelf_N.uasset" to "../../../../../../Users/Harry/Documents/Unreal Projects/MyProject2/Content/StarterContent/Textures/T_Shelf_N.uasset"
[2016.05.17-20.50.22:924][  0]LogPackFactory: Copied "../../../Samples/StarterContent/Content/StarterContent/Textures/T_Single_Tile_N.uasset" to "../../../../../../Users/Harry/Documents/Unreal Projects/MyProject2/Content/StarterContent/Textures/T_Single_Tile_N.uasset"
[2016.05.17-20.50.23:093][  0]LogPackFactory: Copied "../../../Samples/StarterContent/Content/StarterContent/Textures/T_Smoke_SubUV.uasset" to "../../../../../../Users/Harry/Documents/Unreal Projects/MyProject2/Content/StarterContent/Textures/T_Smoke_SubUV.uasset"
[2016.05.17-20.50.23:135][  0]LogPackFactory: Copied "../../../Samples/StarterContent/Content/StarterContent/Textures/T_Smoke_Tiled_D.uasset" to "../../../../../../Users/Harry/Documents/Unreal Projects/MyProject2/Content/StarterContent/Textures/T_Smoke_Tiled_D.uasset"
[2016.05.17-20.50.23:159][  0]LogPackFactory: Copied "../../../Samples/StarterContent/Content/StarterContent/Textures/T_Spark_Core.uasset" to "../../../../../../Users/Harry/Documents/Unreal Projects/MyProject2/Content/StarterContent/Textures/T_Spark_Core.uasset"
[2016.05.17-20.50.23:328][  0]LogPackFactory: Copied "../../../Samples/StarterContent/Content/StarterContent/Textures/T_Statue_M.uasset" to "../../../../../../Users/Harry/Documents/Unreal Projects/MyProject2/Content/StarterContent/Textures/T_Statue_M.uasset"
[2016.05.17-20.50.23:475][  0]LogPackFactory: Copied "../../../Samples/StarterContent/Content/StarterContent/Textures/T_Statue_N.uasset" to "../../../../../../Users/Harry/Documents/Unreal Projects/MyProject2/Content/StarterContent/Textures/T_Statue_N.uasset"
[2016.05.17-20.50.23:662][  0]LogPackFactory: Copied "../../../Samples/StarterContent/Content/StarterContent/Textures/T_TableRound_M.uasset" to "../../../../../../Users/Harry/Documents/Unreal Projects/MyProject2/Content/StarterContent/Textures/T_TableRound_M.uasset"
[2016.05.17-20.50.24:147][  0]LogPackFactory: Copied "../../../Samples/StarterContent/Content/StarterContent/Textures/T_TableRound_N.uasset" to "../../../../../../Users/Harry/Documents/Unreal Projects/MyProject2/Content/StarterContent/Textures/T_TableRound_N.uasset"
[2016.05.17-20.50.24:203][  0]LogPackFactory: Copied "../../../Samples/StarterContent/Content/StarterContent/Textures/T_Tech_Dot_M.uasset" to "../../../../../../Users/Harry/Documents/Unreal Projects/MyProject2/Content/StarterContent/Textures/T_Tech_Dot_M.uasset"
[2016.05.17-20.50.24:220][  0]LogPackFactory: Copied "../../../Samples/StarterContent/Content/StarterContent/Textures/T_Tech_Dot_N.uasset" to "../../../../../../Users/Harry/Documents/Unreal Projects/MyProject2/Content/StarterContent/Textures/T_Tech_Dot_N.uasset"
[2016.05.17-20.50.24:261][  0]LogPackFactory: Copied "../../../Samples/StarterContent/Content/StarterContent/Textures/T_Tech_Hex_Tile_M.uasset" to "../../../../../../Users/Harry/Documents/Unreal Projects/MyProject2/Content/StarterContent/Textures/T_Tech_Hex_Tile_M.uasset"
[2016.05.17-20.50.24:349][  0]LogPackFactory: Copied "../../../Samples/StarterContent/Content/StarterContent/Textures/T_Tech_Hex_Tile_N.uasset" to "../../../../../../Users/Harry/Documents/Unreal Projects/MyProject2/Content/StarterContent/Textures/T_Tech_Hex_Tile_N.uasset"
[2016.05.17-20.50.24:402][  0]LogPackFactory: Copied "../../../Samples/StarterContent/Content/StarterContent/Textures/T_Tech_Panel_M.uasset" to "../../../../../../Users/Harry/Documents/Unreal Projects/MyProject2/Content/StarterContent/Textures/T_Tech_Panel_M.uasset"
[2016.05.17-20.50.24:463][  0]LogPackFactory: Copied "../../../Samples/StarterContent/Content/StarterContent/Textures/T_Tech_Panel_N.uasset" to "../../../../../../Users/Harry/Documents/Unreal Projects/MyProject2/Content/StarterContent/Textures/T_Tech_Panel_N.uasset"
[2016.05.17-20.50.24:543][  0]LogPackFactory: Copied "../../../Samples/StarterContent/Content/StarterContent/Textures/T_Water_M.uasset" to "../../../../../../Users/Harry/Documents/Unreal Projects/MyProject2/Content/StarterContent/Textures/T_Water_M.uasset"
[2016.05.17-20.50.24:615][  0]LogPackFactory: Copied "../../../Samples/StarterContent/Content/StarterContent/Textures/T_Water_N.uasset" to "../../../../../../Users/Harry/Documents/Unreal Projects/MyProject2/Content/StarterContent/Textures/T_Water_N.uasset"
[2016.05.17-20.50.24:727][  0]LogPackFactory: Copied "../../../Samples/StarterContent/Content/StarterContent/Textures/T_Wood_Floor_Walnut_D.uasset" to "../../../../../../Users/Harry/Documents/Unreal Projects/MyProject2/Content/StarterContent/Textures/T_Wood_Floor_Walnut_D.uasset"
[2016.05.17-20.50.24:809][  0]LogPackFactory: Copied "../../../Samples/StarterContent/Content/StarterContent/Textures/T_Wood_Floor_Walnut_M.uasset" to "../../../../../../Users/Harry/Documents/Unreal Projects/MyProject2/Content/StarterContent/Textures/T_Wood_Floor_Walnut_M.uasset"
[2016.05.17-20.50.24:851][  0]LogPackFactory: Copied "../../../Samples/StarterContent/Content/StarterContent/Textures/T_Wood_Floor_Walnut_N.uasset" to "../../../../../../Users/Harry/Documents/Unreal Projects/MyProject2/Content/StarterContent/Textures/T_Wood_Floor_Walnut_N.uasset"
[2016.05.17-20.50.25:099][  0]LogPackFactory: Copied "../../../Samples/StarterContent/Content/StarterContent/Textures/T_Wood_Oak_D.uasset" to "../../../../../../Users/Harry/Documents/Unreal Projects/MyProject2/Content/StarterContent/Textures/T_Wood_Oak_D.uasset"
[2016.05.17-20.50.26:404][  0]LogPackFactory: Copied "../../../Samples/StarterContent/Content/StarterContent/Textures/T_Wood_Oak_N.uasset" to "../../../../../../Users/Harry/Documents/Unreal Projects/MyProject2/Content/StarterContent/Textures/T_Wood_Oak_N.uasset"
[2016.05.17-20.50.28:363][  0]LogPackFactory: Copied "../../../Samples/StarterContent/Content/StarterContent/Textures/T_Wood_Pine_D.uasset" to "../../../../../../Users/Harry/Documents/Unreal Projects/MyProject2/Content/StarterContent/Textures/T_Wood_Pine_D.uasset"
[2016.05.17-20.50.28:438][  0]LogPackFactory: Copied "../../../Samples/StarterContent/Content/StarterContent/Textures/T_Wood_Pine_N.uasset" to "../../../../../../Users/Harry/Documents/Unreal Projects/MyProject2/Content/StarterContent/Textures/T_Wood_Pine_N.uasset"
[2016.05.17-20.50.28:528][  0]LogPackFactory: Copied "../../../Samples/StarterContent/Content/StarterContent/Textures/T_Wood_Walnut_D.uasset" to "../../../../../../Users/Harry/Documents/Unreal Projects/MyProject2/Content/StarterContent/Textures/T_Wood_Walnut_D.uasset"
[2016.05.17-20.50.28:610][  0]LogPackFactory: Copied "../../../Samples/StarterContent/Content/StarterContent/Textures/T_Wood_Walnut_N.uasset" to "../../../../../../Users/Harry/Documents/Unreal Projects/MyProject2/Content/StarterContent/Textures/T_Wood_Walnut_N.uasset"
[2016.05.17-20.50.30:349][  0]LogRenderer: Reallocating scene render targets to support 256x256 (Frame:2).
[2016.05.17-20.50.32:724][  0]LogSavePackage: Save=247.48ms
[2016.05.17-20.50.32:724][  0]LogSavePackage: Moving '../../../../../../Users/Harry/Documents/Unreal Projects/MyProject2/Saved/Floor_400x400F12D096148F086B9DE2FDFA6588B0A4F.tmp' to '../../../../../../Users/Harry/Documents/Unreal Projects/MyProject2/Content/StarterContent/Architecture/Floor_400x400.uasset'
[2016.05.17-20.50.32:742][  0]LogSavePackage: Total save time: 284.92ms
[2016.05.17-20.50.32:742][  0]LogSavePackage:Display: Finished SavePackage ../../../../../../Users/Harry/Documents/Unreal Projects/MyProject2/Content/StarterContent/Architecture/Floor_400x400.uasset
[2016.05.17-20.50.32:743][  0]LogFeaturePack:Warning: Inserted 1 feature packs
[2016.05.17-20.50.32:796][  0]Cmd: MAP LOAD FILE="../../../../../../Users/Harry/Documents/Unreal Projects/MyProject2/Content/FirstPersonBP/Maps/FirstPersonExampleMap.umap" TEMPLATE=0 SHOWPROGRESS=1 FEATURELEVEL=3
[2016.05.17-20.50.32:822][  0]LightingResults: New page: Lighting Build
[2016.05.17-20.50.32:933][  0]MapCheck: New page: Map Check
[2016.05.17-20.50.32:933][  0]LightingResults: New page: Lighting Build
[2016.05.17-20.50.43:376][  0]LogTexture:Display: Building textures: HQ_Lightmap1_6 (AutoDXT)
[2016.05.17-20.50.54:690][  0]LogTexture:Display: Building textures: HQ_Lightmap1_7 (AutoDXT)
[2016.05.17-20.51.00:856][  0]LogTexture:Display: Building textures: HQ_Lightmap1_8 (AutoDXT)
[2016.05.17-20.51.01:076][  0]LogTexture:Display: Building textures: LQ_Lightmap_1_1 (DXT1)
[2016.05.17-20.51.05:473][  0]LogTexture:Display: Building textures: LQ_Lightmap_1_2 (DXT1)
[2016.05.17-20.51.08:754][  0]LogTexture:Display: Building textures: LQ_Lightmap_1_3 (DXT1)
[2016.05.17-20.51.10:823][  0]LogTexture:Display: Building textures: LQ_Lightmap_1_4 (DXT1)
[2016.05.17-20.51.14:348][  0]LogTexture:Display: Building textures: LQ_Lightmap_1_5 (DXT1)
[2016.05.17-20.51.18:390][  0]LogTexture:Display: Building textures: LQ_Lightmap_1_6 (DXT1)
[2016.05.17-20.51.22:189][  0]LogTexture:Display: Building textures: LQ_Lightmap_1_7 (DXT1)
[2016.05.17-20.51.24:229][  0]LogTexture:Display: Building textures: LQ_Lightmap_1_8 (DXT1)
[2016.05.17-20.51.24:273][  0]LogTexture:Display: Building textures: SkyOcclusion0_8 (AutoDXT)
[2016.05.17-20.51.24:351][  0]LogTexture:Display: Building textures: SkyOcclusion1_1 (AutoDXT)
[2016.05.17-20.51.27:599][  0]LogTexture:Display: Building textures: SkyOcclusion1_2 (AutoDXT)
[2016.05.17-20.51.29:850][  0]LogTexture:Display: Building textures: SkyOcclusion1_3 (AutoDXT)
[2016.05.17-20.51.32:697][  0]LogTexture:Display: Building textures: SkyOcclusion1_4 (AutoDXT)
[2016.05.17-20.51.35:585][  0]LogTexture:Display: Building textures: SkyOcclusion1_5 (AutoDXT)
[2016.05.17-20.51.39:316][  0]LogTexture:Display: Building textures: SkyOcclusion1_6 (AutoDXT)
[2016.05.17-20.51.43:857][  0]LogTexture:Display: Building textures: SkyOcclusion1_7 (AutoDXT)
[2016.05.17-20.51.51:758][  0]LogTexture:Display: Building textures: ShadowMapTexture2D_10 (G8)
[2016.05.17-20.51.52:299][  0]LogTexture:Display: Building textures: ShadowMapTexture2D_11 (G8)
[2016.05.17-20.51.52:898][  0]LogTexture:Display: Building textures: ShadowMapTexture2D_12 (G8)
[2016.05.17-20.51.53:495][  0]LogTexture:Display: Building textures: ShadowMapTexture2D_13 (G8)
[2016.05.17-20.51.53:954][  0]LogTexture:Display: Building textures: ShadowMapTexture2D_14 (G8)
[2016.05.17-20.51.54:939][  0]LogTexture:Display: Building textures: ShadowMapTexture2D_15 (G8)
[2016.05.17-20.51.55:559][  0]LogTexture:Display: Building textures: ShadowMapTexture2D_7 (G8)
[2016.05.17-20.51.55:872][  0]LogTexture:Display: Building textures: ShadowMapTexture2D_9 (G8)
[2016.05.17-20.52.02:099][  0]LogAIModule: Creating AISystem for world FirstPersonExampleMap
[2016.05.17-20.52.11:060][  0]LogEditorServer: Finished looking for orphan Actors (0.056 secs)
[2016.05.17-20.52.12:442][  0]Cmd: MAP CHECKDEP NOCLEARLOG
[2016.05.17-20.52.18:021][  0]MapCheck: Info Map check complete: 0 Error(s), 0 Warning(s), took 5,579.61ms to complete.
[2016.05.17-20.52.18:052][  0]LogFileHelpers: Loading map 'FirstPersonExampleMap' took 105.256
[2016.05.17-20.52.44:444][  0]LogCollectionManager: Loaded 0 collections in 0.100857 seconds
[2016.05.17-20.52.47:419][  0]LogFileCache: Scanning file cache for directory 'C:/Users/Harry/Documents/Unreal Projects/MyProject2/Saved/Collections/' took 0.05s
[2016.05.17-20.52.47:419][  0]LogFileCache: Scanning file cache for directory 'C:/Users/Harry/Documents/Unreal Projects/MyProject2/Content/Developers/Harry/Collections/' took 0.03s
[2016.05.17-20.52.47:419][  0]LogFileCache: Scanning file cache for directory 'C:/Users/Harry/Documents/Unreal Projects/MyProject2/Content/Collections/' took 0.04s
[2016.05.17-20.52.47:419][  0]LogCollectionManager: Rebuilt the GUID cache for 0 collections in 0.000005 seconds
[2016.05.17-20.52.47:632][  0]LogContentBrowser: Native class hierarchy populated in 0.1487 seconds. Added 1979 classes and 343 folders.
[2016.05.17-20.52.48:807][  0]LogStats: UGameplayTagsManager::ConstructGameplayTagTree: Construct from data asset -  0.000 s
[2016.05.17-20.52.48:826][  0]LogStats: UGameplayTagsManager::ConstructGameplayTagTree: GameplayTagTreeChangedEvent.Broadcast -  0.020 s
[2016.05.17-20.52.48:918][  0]LogContentBrowser: Native class hierarchy updated for 'GameplayTags' in 0.0014 seconds. Added 12 classes and 0 folders.
[2016.05.17-20.52.49:125][  0]LogContentBrowser: Native class hierarchy updated for 'WidgetCarousel' in 0.0012 seconds. Added 0 classes and 0 folders.
[2016.05.17-20.52.50:460][  0]LogContentBrowser: Native class hierarchy updated for 'SuperSearch' in 0.0021 seconds. Added 1 classes and 2 folders.
[2016.05.17-20.52.54:368][  0]LogContentBrowser: Native class hierarchy updated for 'AddContentDialog' in 0.0014 seconds. Added 0 classes and 0 folders.
[2016.05.17-20.52.55:555][  0]LogContentBrowser: Native class hierarchy updated for 'SceneOutliner' in 0.0012 seconds. Added 1 classes and 2 folders.
[2016.05.17-20.52.59:709][  0]LogCrashTracker: Crashtracker disabled due to settings.
[2016.05.17-20.53.01:454][  0]LogUObjectGlobals:Warning: Failed to find object 'Class None.'
[2016.05.17-20.53.02:508][  0]LogContentBrowser: Native class hierarchy updated for 'HierarchicalLODOutliner' in 0.0012 seconds. Added 1 classes and 2 folders.
[2016.05.17-20.53.02:508][  0]LogLoad: Full Startup: 557.19 seconds (BP compile: 2.46 seconds)
[2016.05.17-20.53.02:513][  0]LogExternalProfiler: Found external profiler: VSPerf
[2016.05.17-20.53.02:513][  0]LogExternalProfiler: Using external profiler: VSPerf
[2016.05.17-20.53.02:879][  0]LogOcInput: OculusInput pre-init called
[2016.05.17-20.53.05:654][  0]LogContentStreaming: Texture pool size now 200 MB
[2016.05.17-20.53.11:985][  0]LogRenderer: Reallocating scene render targets to support 856x372 (Frame:3).
[2016.05.17-20.53.37:692][ 34]LogBlueprintUserMessages: Early PlayInEditor Detection: Level '/Game/FirstPersonBP/Maps/FirstPersonExampleMap.FirstPersonExampleMap:PersistentLevel' has LevelScriptBlueprint '/Game/FirstPersonBP/Maps/FirstPersonExampleMap.FirstPersonExampleMap:PersistentLevel.FirstPersonExampleMap' with GeneratedClass '/Game/FirstPersonBP/Maps/FirstPersonExampleMap.FirstPersonExampleMap_C' with ClassGeneratedBy '/Game/FirstPersonBP/Maps/FirstPersonExampleMap.FirstPersonExampleMap:PersistentLevel.FirstPersonExampleMap'
[2016.05.17-20.53.37:729][ 34]LogPlayLevel: PlayLevel: No blueprints needed recompiling
[2016.05.17-20.53.39:328][ 34]PIE: New page: PIE session: FirstPersonExampleMap (17 May 2016 21:53:37)
[2016.05.17-20.53.39:472][ 34]LogPlayLevel: Creating play world package: /Game/FirstPersonBP/Maps/UEDPIE_0_FirstPersonExampleMap
[2016.05.17-20.53.40:943][ 34]LogPlayLevel: PIE: StaticDuplicateObject took: (1.470265s)
[2016.05.17-20.53.40:995][ 34]LogAIModule: Creating AISystem for world FirstPersonExampleMap
[2016.05.17-20.53.40:995][ 34]LogPlayLevel: PIE: World Init took: (0.001928s)
[2016.05.17-20.53.41:042][ 34]LogPlayLevel: PIE: Created PIE world by copying editor world from /Game/FirstPersonBP/Maps/FirstPersonExampleMap.FirstPersonExampleMap to /Game/FirstPersonBP/Maps/UEDPIE_0_FirstPersonExampleMap.FirstPersonExampleMap (1.625174s)
[2016.05.17-20.53.41:255][ 34]LogInit: XAudio2 using 'Speakers (Realtek High Definition Audio)' : 2 channels at 48 kHz using 32 bits per sample (channel mask 0x3)
[2016.05.17-20.53.41:604][ 34]LogInit: FAudioDevice initialized.
[2016.05.17-20.53.43:322][ 34]LogTexture:Display: Building textures: FirstPersonCrosshair (AutoDXT)
[2016.05.17-20.53.43:380][ 34]LogWorld: Game class is 'FirstPersonGameMode_C'
[2016.05.17-20.53.44:038][ 34]LogWorld: Bringing World /Game/FirstPersonBP/Maps/UEDPIE_0_FirstPersonExampleMap.FirstPersonExampleMap up for play (max tick rate 0) at 2016.05.17-21.53.44
[2016.05.17-20.53.44:576][ 34]LogWorld: Bringing up level for play took: 0.587120
[2016.05.17-20.53.46:321][ 34]LogContentBrowser: Native class hierarchy updated for 'MovieSceneCapture' in 0.0015 seconds. Added 9 classes and 0 folders.
[2016.05.17-20.53.46:639][ 34]PIE: Info Play in editor start time for /Game/FirstPersonBP/Maps/UEDPIE_0_FirstPersonExampleMap 9.061
[2016.05.17-20.53.46:640][ 34]LogBlueprintUserMessages: Late PlayInEditor Detection: Level '/Game/FirstPersonBP/Maps/FirstPersonExampleMap.FirstPersonExampleMap:PersistentLevel' has LevelScriptBlueprint '/Game/FirstPersonBP/Maps/FirstPersonExampleMap.FirstPersonExampleMap:PersistentLevel.FirstPersonExampleMap' with GeneratedClass '/Game/FirstPersonBP/Maps/FirstPersonExampleMap.FirstPersonExampleMap_C' with ClassGeneratedBy '/Game/FirstPersonBP/Maps/FirstPersonExampleMap.FirstPersonExampleMap:PersistentLevel.FirstPersonExampleMap'
[2016.05.17-20.53.57:414][135]LogAssetRegistry: Asset discovery search completed in 326.5107 seconds
[2016.05.17-20.53.57:446][135]LogCollectionManager: Rebuilt the object cache for 0 collections in 0.000003 seconds (found 0 objects)